#
# A fatal error has been detected by the Java Runtime Environment:
#
#  Internal Error (./open/src/hotspot/share/oops/generateOopMap.cpp:2164), pid=28208, tid=47176
#  fatal error: Illegal class file encountered. Try running with -Xverify:all in method main
#
# JRE version: Java(TM) SE Runtime Environment 18.9 (11.0.9+7) (build 11.0.9+7-LTS)
# Java VM: Java HotSpot(TM) 64-Bit Server VM 18.9 (11.0.9+7-LTS, mixed mode, tiered, compressed oops, g1 gc, windows-amd64)
# No core dump will be written. Minidumps are not enabled by default on client versions of Windows
#
# If you would like to submit a bug report, please visit:
#   https://bugreport.java.com/bugreport/crash.jsp
#

---------------  S U M M A R Y ------------

Command Line: -agentlib:jdwp=transport=dt_socket,address=127.0.0.1:55293,suspend=y,server=n -javaagent:C:\Users\Юлия\.IntelliJIdea2018.3\system\captureAgent\debugger-agent.jar -Dfile.encoding=UTF-8 mate.academy.hibernate.relations.Main

Host: Intel(R) Core(TM) i5-8250U CPU @ 1.60GHz, 8 cores, 7G,  Windows 10 , 64 bit Build 16299 (10.0.16299.1087)
Time: Mon Oct 25 13:08:27 2021 Oeieyiaey (eaoi) elapsed time: 5697.711534 seconds (0d 1h 34m 57s)

---------------  T H R E A D  ---------------

Current thread (0x00000145bcc4c800):  VMThread "VM Thread" [stack: 0x00000016cfb00000,0x00000016cfc00000] [id=47176]

Stack: [0x00000016cfb00000,0x00000016cfc00000]
[error occurred during error reporting (printing stack bounds), id 0xc0000005, EXCEPTION_ACCESS_VIOLATION (0xc0000005) at pc=0x00000145a63a0dad]

Native frames: (J=compiled Java code, j=interpreted, Vv=VM code, C=native code)
V  [jvm.dll+0x611a3a]
V  [jvm.dll+0x748aaf]
V  [jvm.dll+0x74a135]
V  [jvm.dll+0x74a715]
V  [jvm.dll+0x74a6cb]
V  [jvm.dll+0x611323]
V  [jvm.dll+0x6116e8]
C  [ntdll.dll+0xa4ecd]
C  [ntdll.dll+0x26058]
C  [ntdll.dll+0xa3dfe]
C  0x00000145a63a0dad

VM_Operation (0x00000016d06ff330): GetOrSetLocal, mode: safepoint, requested by thread 0x00000145bd8e5000


---------------  P R O C E S S  ---------------

Threads class SMR info:
_java_thread_list=0x00000145c107ff90, length=15, elements={
0x000001459df27800, 0x00000145bcc72800, 0x00000145bcc7c800, 0x00000145bcc8f000,
0x00000145bd5e3800, 0x00000145bd5e5800, 0x00000145bd5e9000, 0x00000145bd5ef800,
0x00000145bcc06000, 0x00000145bd8e5000, 0x00000145bd8e6000, 0x00000145bd9d7000,
0x00000145bd796000, 0x00000145bead2800, 0x00000145bf07a800
}

Java Threads: ( => current thread )
  0x000001459df27800 JavaThread "main" [_thread_blocked, id=48684, stack(0x00000016cf500000,0x00000016cf600000)]
  0x00000145bcc72800 JavaThread "Reference Handler" daemon [_thread_blocked, id=48584, stack(0x00000016cfc00000,0x00000016cfd00000)]
  0x00000145bcc7c800 JavaThread "Finalizer" daemon [_thread_blocked, id=14028, stack(0x00000016cfd00000,0x00000016cfe00000)]
  0x00000145bcc8f000 JavaThread "Signal Dispatcher" daemon [_thread_blocked, id=31540, stack(0x00000016cff00000,0x00000016d0000000)]
  0x00000145bd5e3800 JavaThread "Attach Listener" daemon [_thread_blocked, id=47432, stack(0x00000016d0000000,0x00000016d0100000)]
  0x00000145bd5e5800 JavaThread "C2 CompilerThread0" daemon [_thread_blocked, id=41124, stack(0x00000016d0100000,0x00000016d0200000)]
  0x00000145bd5e9000 JavaThread "C1 CompilerThread0" daemon [_thread_blocked, id=48472, stack(0x00000016d0200000,0x00000016d0300000)]
  0x00000145bd5ef800 JavaThread "Sweeper thread" daemon [_thread_blocked, id=46032, stack(0x00000016d0300000,0x00000016d0400000)]
  0x00000145bcc06000 JavaThread "Common-Cleaner" daemon [_thread_blocked, id=48408, stack(0x00000016d0400000,0x00000016d0500000)]
  0x00000145bd8e5000 JavaThread "JDWP Transport Listener: dt_socket" daemon [_thread_blocked, id=48548, stack(0x00000016d0600000,0x00000016d0700000)] _threads_hazard_ptr=0x00000145c107ff90
  0x00000145bd8e6000 JavaThread "JDWP Event Helper Thread" daemon [_thread_blocked, id=4472, stack(0x00000016d0700000,0x00000016d0800000)]
  0x00000145bd9d7000 JavaThread "JDWP Command Reader" daemon [_thread_in_native, id=44516, stack(0x00000016d0800000,0x00000016d0900000)]
  0x00000145bd796000 JavaThread "Service Thread" daemon [_thread_blocked, id=48320, stack(0x00000016d0900000,0x00000016d0a00000)]
  0x00000145bead2800 JavaThread "mysql-cj-abandoned-connection-cleanup" daemon [_thread_blocked, id=35636, stack(0x00000016d0f00000,0x00000016d1000000)]
  0x00000145bf07a800 JavaThread "Hibernate Connection Pool Validation Thread" daemon [_thread_in_Java, id=46908, stack(0x00000016d1100000,0x00000016d1200000)]

Other Threads:
=>0x00000145bcc4c800 VMThread "VM Thread" [stack: 0x00000016cfb00000,0x00000016cfc00000] [id=47176]
  0x00000145bd966000 WatcherThread [stack: 0x00000016d0a00000,0x00000016d0b00000] [id=46744]
  0x000001459df3d800 GCTaskThread "GC Thread#0" [stack: 0x00000016cf600000,0x00000016cf700000] [id=49028]
  0x00000145bdb75800 GCTaskThread "GC Thread#1" [stack: 0x00000016d0b00000,0x00000016d0c00000] [id=45268]
  0x00000145bdb76000 GCTaskThread "GC Thread#2" [stack: 0x00000016d0c00000,0x00000016d0d00000] [id=43788]
  0x000001459df6e000 ConcurrentGCThread "G1 Main Marker" [stack: 0x00000016cf700000,0x00000016cf800000] [id=48504]
  0x000001459df6f000 ConcurrentGCThread "G1 Conc#0" [stack: 0x00000016cf800000,0x00000016cf900000] [id=48296]
  0x00000145bec03800 ConcurrentGCThread "G1 Conc#1" [stack: 0x00000016d0e00000,0x00000016d0f00000] [id=45172]
  0x000001459dffe800 ConcurrentGCThread "G1 Refine#0" [stack: 0x00000016cf900000,0x00000016cfa00000] [id=27276]
  0x00000145bcab3800 ConcurrentGCThread "G1 Young RemSet Sampling" [stack: 0x00000016cfa00000,0x00000016cfb00000] [id=41300]

Threads with active compile tasks:

VM state:at safepoint (normal execution)

VM Mutex/Monitor currently owned by a thread:  ([mutex/lock_event])
[0x000001459df26970] Threads_lock - owner thread: 0x00000145bcc4c800

Heap address: 0x0000000081a00000, size: 2022 MB, Compressed Oops mode: 32-bit
Narrow klass base: 0x0000000000000000, Narrow klass shift: 3
Compressed class space size: 1073741824 Address: 0x0000000100000000

Heap:
 garbage-first heap   total 131072K, used 35840K [0x0000000081a00000, 0x0000000100000000)
  region size 1024K, 35 young (35840K), 9 survivors (9216K)
 Metaspace       used 40614K, capacity 41140K, committed 41344K, reserved 1085440K
  class space    used 4942K, capacity 5126K, committed 5248K, reserved 1048576K
Heap Regions: E=young(eden), S=young(survivor), O=old, HS=humongous(starts), HC=humongous(continues), CS=collection set, F=free, A=archive, TAMS=top-at-mark-start (previous, next)
|   0|0x0000000081a00000, 0x0000000081b00000, 0x0000000081b00000|100%|HS|  |TAMS 0x0000000081b00000, 0x0000000081a00000| Complete 
|   1|0x0000000081b00000, 0x0000000081b00000, 0x0000000081c00000|  0%| F|  |TAMS 0x0000000081b00000, 0x0000000081b00000| Untracked 
|   2|0x0000000081c00000, 0x0000000081c00000, 0x0000000081d00000|  0%| F|  |TAMS 0x0000000081c00000, 0x0000000081c00000| Untracked 
|   3|0x0000000081d00000, 0x0000000081d00000, 0x0000000081e00000|  0%| F|  |TAMS 0x0000000081d00000, 0x0000000081d00000| Untracked 
|   4|0x0000000081e00000, 0x0000000081e00000, 0x0000000081f00000|  0%| F|  |TAMS 0x0000000081e00000, 0x0000000081e00000| Untracked 
|   5|0x0000000081f00000, 0x0000000081f00000, 0x0000000082000000|  0%| F|  |TAMS 0x0000000081f00000, 0x0000000081f00000| Untracked 
|   6|0x0000000082000000, 0x0000000082000000, 0x0000000082100000|  0%| F|  |TAMS 0x0000000082000000, 0x0000000082000000| Untracked 
|   7|0x0000000082100000, 0x0000000082100000, 0x0000000082200000|  0%| F|  |TAMS 0x0000000082100000, 0x0000000082100000| Untracked 
|   8|0x0000000082200000, 0x0000000082200000, 0x0000000082300000|  0%| F|  |TAMS 0x0000000082200000, 0x0000000082200000| Untracked 
|   9|0x0000000082300000, 0x0000000082300000, 0x0000000082400000|  0%| F|  |TAMS 0x0000000082300000, 0x0000000082300000| Untracked 
|  10|0x0000000082400000, 0x0000000082400000, 0x0000000082500000|  0%| F|  |TAMS 0x0000000082400000, 0x0000000082400000| Untracked 
|  11|0x0000000082500000, 0x0000000082500000, 0x0000000082600000|  0%| F|  |TAMS 0x0000000082500000, 0x0000000082500000| Untracked 
|  12|0x0000000082600000, 0x0000000082600000, 0x0000000082700000|  0%| F|  |TAMS 0x0000000082600000, 0x0000000082600000| Untracked 
|  13|0x0000000082700000, 0x0000000082700000, 0x0000000082800000|  0%| F|  |TAMS 0x0000000082700000, 0x0000000082700000| Untracked 
|  14|0x0000000082800000, 0x0000000082800000, 0x0000000082900000|  0%| F|  |TAMS 0x0000000082800000, 0x0000000082800000| Untracked 
|  15|0x0000000082900000, 0x0000000082900000, 0x0000000082a00000|  0%| F|  |TAMS 0x0000000082900000, 0x0000000082900000| Untracked 
|  16|0x0000000082a00000, 0x0000000082a00000, 0x0000000082b00000|  0%| F|  |TAMS 0x0000000082a00000, 0x0000000082a00000| Untracked 
|  17|0x0000000082b00000, 0x0000000082b00000, 0x0000000082c00000|  0%| F|  |TAMS 0x0000000082b00000, 0x0000000082b00000| Untracked 
|  18|0x0000000082c00000, 0x0000000082c00000, 0x0000000082d00000|  0%| F|  |TAMS 0x0000000082c00000, 0x0000000082c00000| Untracked 
|  19|0x0000000082d00000, 0x0000000082d00000, 0x0000000082e00000|  0%| F|  |TAMS 0x0000000082d00000, 0x0000000082d00000| Untracked 
|  20|0x0000000082e00000, 0x0000000082e00000, 0x0000000082f00000|  0%| F|  |TAMS 0x0000000082e00000, 0x0000000082e00000| Untracked 
|  21|0x0000000082f00000, 0x0000000082f00000, 0x0000000083000000|  0%| F|  |TAMS 0x0000000082f00000, 0x0000000082f00000| Untracked 
|  22|0x0000000083000000, 0x0000000083000000, 0x0000000083100000|  0%| F|  |TAMS 0x0000000083000000, 0x0000000083000000| Untracked 
|  23|0x0000000083100000, 0x0000000083100000, 0x0000000083200000|  0%| F|  |TAMS 0x0000000083100000, 0x0000000083100000| Untracked 
|  24|0x0000000083200000, 0x0000000083200000, 0x0000000083300000|  0%| F|  |TAMS 0x0000000083200000, 0x0000000083200000| Untracked 
|  25|0x0000000083300000, 0x0000000083300000, 0x0000000083400000|  0%| F|  |TAMS 0x0000000083300000, 0x0000000083300000| Untracked 
|  26|0x0000000083400000, 0x0000000083400000, 0x0000000083500000|  0%| F|  |TAMS 0x0000000083400000, 0x0000000083400000| Untracked 
|  27|0x0000000083500000, 0x0000000083500000, 0x0000000083600000|  0%| F|  |TAMS 0x0000000083500000, 0x0000000083500000| Untracked 
|  28|0x0000000083600000, 0x0000000083600000, 0x0000000083700000|  0%| F|  |TAMS 0x0000000083600000, 0x0000000083600000| Untracked 
|  29|0x0000000083700000, 0x0000000083700000, 0x0000000083800000|  0%| F|  |TAMS 0x0000000083700000, 0x0000000083700000| Untracked 
|  30|0x0000000083800000, 0x0000000083800000, 0x0000000083900000|  0%| F|  |TAMS 0x0000000083800000, 0x0000000083800000| Untracked 
|  31|0x0000000083900000, 0x0000000083900000, 0x0000000083a00000|  0%| F|  |TAMS 0x0000000083900000, 0x0000000083900000| Untracked 
|  32|0x0000000083a00000, 0x0000000083a00000, 0x0000000083b00000|  0%| F|  |TAMS 0x0000000083a00000, 0x0000000083a00000| Untracked 
|  33|0x0000000083b00000, 0x0000000083b00000, 0x0000000083c00000|  0%| F|  |TAMS 0x0000000083b00000, 0x0000000083b00000| Untracked 
|  34|0x0000000083c00000, 0x0000000083c00000, 0x0000000083d00000|  0%| F|  |TAMS 0x0000000083c00000, 0x0000000083c00000| Untracked 
|  35|0x0000000083d00000, 0x0000000083d00000, 0x0000000083e00000|  0%| F|  |TAMS 0x0000000083d00000, 0x0000000083d00000| Untracked 
|  36|0x0000000083e00000, 0x0000000083e00000, 0x0000000083f00000|  0%| F|  |TAMS 0x0000000083e00000, 0x0000000083e00000| Untracked 
|  37|0x0000000083f00000, 0x0000000083f00000, 0x0000000084000000|  0%| F|  |TAMS 0x0000000083f00000, 0x0000000083f00000| Untracked 
|  38|0x0000000084000000, 0x0000000084000000, 0x0000000084100000|  0%| F|  |TAMS 0x0000000084000000, 0x0000000084000000| Untracked 
|  39|0x0000000084100000, 0x0000000084100000, 0x0000000084200000|  0%| F|  |TAMS 0x0000000084100000, 0x0000000084100000| Untracked 
|  40|0x0000000084200000, 0x0000000084200000, 0x0000000084300000|  0%| F|  |TAMS 0x0000000084200000, 0x0000000084200000| Untracked 
|  41|0x0000000084300000, 0x0000000084300000, 0x0000000084400000|  0%| F|  |TAMS 0x0000000084300000, 0x0000000084300000| Untracked 
|  42|0x0000000084400000, 0x0000000084400000, 0x0000000084500000|  0%| F|  |TAMS 0x0000000084400000, 0x0000000084400000| Untracked 
|  43|0x0000000084500000, 0x0000000084500000, 0x0000000084600000|  0%| F|  |TAMS 0x0000000084500000, 0x0000000084500000| Untracked 
|  44|0x0000000084600000, 0x0000000084600000, 0x0000000084700000|  0%| F|  |TAMS 0x0000000084600000, 0x0000000084600000| Untracked 
|  45|0x0000000084700000, 0x0000000084700000, 0x0000000084800000|  0%| F|  |TAMS 0x0000000084700000, 0x0000000084700000| Untracked 
|  46|0x0000000084800000, 0x0000000084800000, 0x0000000084900000|  0%| F|  |TAMS 0x0000000084800000, 0x0000000084800000| Untracked 
|  47|0x0000000084900000, 0x0000000084900000, 0x0000000084a00000|  0%| F|  |TAMS 0x0000000084900000, 0x0000000084900000| Untracked 
|  48|0x0000000084a00000, 0x0000000084a00000, 0x0000000084b00000|  0%| F|  |TAMS 0x0000000084a00000, 0x0000000084a00000| Untracked 
|  49|0x0000000084b00000, 0x0000000084b00000, 0x0000000084c00000|  0%| F|  |TAMS 0x0000000084b00000, 0x0000000084b00000| Untracked 
|  50|0x0000000084c00000, 0x0000000084c00000, 0x0000000084d00000|  0%| F|  |TAMS 0x0000000084c00000, 0x0000000084c00000| Untracked 
|  51|0x0000000084d00000, 0x0000000084d00000, 0x0000000084e00000|  0%| F|  |TAMS 0x0000000084d00000, 0x0000000084d00000| Untracked 
|  52|0x0000000084e00000, 0x0000000084e00000, 0x0000000084f00000|  0%| F|  |TAMS 0x0000000084e00000, 0x0000000084e00000| Untracked 
|  53|0x0000000084f00000, 0x0000000084f00000, 0x0000000085000000|  0%| F|  |TAMS 0x0000000084f00000, 0x0000000084f00000| Untracked 
|  54|0x0000000085000000, 0x0000000085000000, 0x0000000085100000|  0%| F|  |TAMS 0x0000000085000000, 0x0000000085000000| Untracked 
|  55|0x0000000085100000, 0x0000000085100000, 0x0000000085200000|  0%| F|  |TAMS 0x0000000085100000, 0x0000000085100000| Untracked 
|  56|0x0000000085200000, 0x0000000085200000, 0x0000000085300000|  0%| F|  |TAMS 0x0000000085200000, 0x0000000085200000| Untracked 
|  57|0x0000000085300000, 0x0000000085300000, 0x0000000085400000|  0%| F|  |TAMS 0x0000000085300000, 0x0000000085300000| Untracked 
|  58|0x0000000085400000, 0x0000000085400000, 0x0000000085500000|  0%| F|  |TAMS 0x0000000085400000, 0x0000000085400000| Untracked 
|  59|0x0000000085500000, 0x0000000085500000, 0x0000000085600000|  0%| F|  |TAMS 0x0000000085500000, 0x0000000085500000| Untracked 
|  60|0x0000000085600000, 0x0000000085600000, 0x0000000085700000|  0%| F|  |TAMS 0x0000000085600000, 0x0000000085600000| Untracked 
|  61|0x0000000085700000, 0x0000000085800000, 0x0000000085800000|100%| S|CS|TAMS 0x0000000085700000, 0x0000000085700000| Complete 
|  62|0x0000000085800000, 0x0000000085900000, 0x0000000085900000|100%| S|CS|TAMS 0x0000000085800000, 0x0000000085800000| Complete 
|  63|0x0000000085900000, 0x0000000085900000, 0x0000000085a00000|  0%| F|  |TAMS 0x0000000085900000, 0x0000000085900000| Untracked 
|  64|0x0000000085a00000, 0x0000000085a00000, 0x0000000085b00000|  0%| F|  |TAMS 0x0000000085a00000, 0x0000000085a00000| Untracked 
|  65|0x0000000085b00000, 0x0000000085b00000, 0x0000000085c00000|  0%| F|  |TAMS 0x0000000085b00000, 0x0000000085b00000| Untracked 
|  66|0x0000000085c00000, 0x0000000085c00000, 0x0000000085d00000|  0%| F|  |TAMS 0x0000000085c00000, 0x0000000085c00000| Untracked 
|  67|0x0000000085d00000, 0x0000000085d00000, 0x0000000085e00000|  0%| F|  |TAMS 0x0000000085d00000, 0x0000000085d00000| Untracked 
|  68|0x0000000085e00000, 0x0000000085f00000, 0x0000000085f00000|100%| S|CS|TAMS 0x0000000085e00000, 0x0000000085e00000| Complete 
|  69|0x0000000085f00000, 0x0000000086000000, 0x0000000086000000|100%| S|CS|TAMS 0x0000000085f00000, 0x0000000085f00000| Complete 
|  70|0x0000000086000000, 0x0000000086100000, 0x0000000086100000|100%| S|CS|TAMS 0x0000000086000000, 0x0000000086000000| Complete 
|  71|0x0000000086100000, 0x0000000086200000, 0x0000000086200000|100%| S|CS|TAMS 0x0000000086100000, 0x0000000086100000| Complete 
|  72|0x0000000086200000, 0x0000000086300000, 0x0000000086300000|100%| S|CS|TAMS 0x0000000086200000, 0x0000000086200000| Complete 
|  73|0x0000000086300000, 0x0000000086400000, 0x0000000086400000|100%| S|CS|TAMS 0x0000000086300000, 0x0000000086300000| Complete 
|  74|0x0000000086400000, 0x0000000086500000, 0x0000000086500000|100%| S|CS|TAMS 0x0000000086400000, 0x0000000086400000| Complete 
|  75|0x0000000086500000, 0x0000000086500000, 0x0000000086600000|  0%| F|  |TAMS 0x0000000086500000, 0x0000000086500000| Untracked 
|  76|0x0000000086600000, 0x0000000086600000, 0x0000000086700000|  0%| F|  |TAMS 0x0000000086600000, 0x0000000086600000| Untracked 
|  77|0x0000000086700000, 0x0000000086700000, 0x0000000086800000|  0%| F|  |TAMS 0x0000000086700000, 0x0000000086700000| Untracked 
|  78|0x0000000086800000, 0x0000000086800000, 0x0000000086900000|  0%| F|  |TAMS 0x0000000086800000, 0x0000000086800000| Untracked 
|  79|0x0000000086900000, 0x0000000086900000, 0x0000000086a00000|  0%| F|  |TAMS 0x0000000086900000, 0x0000000086900000| Untracked 
|  80|0x0000000086a00000, 0x0000000086a00000, 0x0000000086b00000|  0%| F|  |TAMS 0x0000000086a00000, 0x0000000086a00000| Untracked 
|  81|0x0000000086b00000, 0x0000000086b00000, 0x0000000086c00000|  0%| F|  |TAMS 0x0000000086b00000, 0x0000000086b00000| Untracked 
|  82|0x0000000086c00000, 0x0000000086c00000, 0x0000000086d00000|  0%| F|  |TAMS 0x0000000086c00000, 0x0000000086c00000| Untracked 
|  83|0x0000000086d00000, 0x0000000086d00000, 0x0000000086e00000|  0%| F|  |TAMS 0x0000000086d00000, 0x0000000086d00000| Untracked 
|  84|0x0000000086e00000, 0x0000000086e00000, 0x0000000086f00000|  0%| F|  |TAMS 0x0000000086e00000, 0x0000000086e00000| Untracked 
|  85|0x0000000086f00000, 0x0000000086f00000, 0x0000000087000000|  0%| F|  |TAMS 0x0000000086f00000, 0x0000000086f00000| Untracked 
|  86|0x0000000087000000, 0x0000000087000000, 0x0000000087100000|  0%| F|  |TAMS 0x0000000087000000, 0x0000000087000000| Untracked 
|  87|0x0000000087100000, 0x0000000087100000, 0x0000000087200000|  0%| F|  |TAMS 0x0000000087100000, 0x0000000087100000| Untracked 
|  88|0x0000000087200000, 0x0000000087200000, 0x0000000087300000|  0%| F|  |TAMS 0x0000000087200000, 0x0000000087200000| Untracked 
|  89|0x0000000087300000, 0x0000000087300000, 0x0000000087400000|  0%| F|  |TAMS 0x0000000087300000, 0x0000000087300000| Untracked 
|  90|0x0000000087400000, 0x0000000087400000, 0x0000000087500000|  0%| F|  |TAMS 0x0000000087400000, 0x0000000087400000| Untracked 
|  91|0x0000000087500000, 0x0000000087500000, 0x0000000087600000|  0%| F|  |TAMS 0x0000000087500000, 0x0000000087500000| Untracked 
|  92|0x0000000087600000, 0x0000000087600000, 0x0000000087700000|  0%| F|  |TAMS 0x0000000087600000, 0x0000000087600000| Untracked 
|  93|0x0000000087700000, 0x0000000087700000, 0x0000000087800000|  0%| F|  |TAMS 0x0000000087700000, 0x0000000087700000| Untracked 
|  94|0x0000000087800000, 0x0000000087800000, 0x0000000087900000|  0%| F|  |TAMS 0x0000000087800000, 0x0000000087800000| Untracked 
|  95|0x0000000087900000, 0x0000000087900000, 0x0000000087a00000|  0%| F|  |TAMS 0x0000000087900000, 0x0000000087900000| Untracked 
|  96|0x0000000087a00000, 0x0000000087a00000, 0x0000000087b00000|  0%| F|  |TAMS 0x0000000087a00000, 0x0000000087a00000| Untracked 
|  97|0x0000000087b00000, 0x0000000087b00000, 0x0000000087c00000|  0%| F|  |TAMS 0x0000000087b00000, 0x0000000087b00000| Untracked 
|  98|0x0000000087c00000, 0x0000000087c00000, 0x0000000087d00000|  0%| F|  |TAMS 0x0000000087c00000, 0x0000000087c00000| Untracked 
|  99|0x0000000087d00000, 0x0000000087d00000, 0x0000000087e00000|  0%| F|  |TAMS 0x0000000087d00000, 0x0000000087d00000| Untracked 
| 100|0x0000000087e00000, 0x0000000087e00000, 0x0000000087f00000|  0%| F|  |TAMS 0x0000000087e00000, 0x0000000087e00000| Untracked 
| 101|0x0000000087f00000, 0x0000000087f00000, 0x0000000088000000|  0%| F|  |TAMS 0x0000000087f00000, 0x0000000087f00000| Untracked 
| 102|0x0000000088000000, 0x0000000088072dd8, 0x0000000088100000| 44%| E|  |TAMS 0x0000000088000000, 0x0000000088000000| Complete 
| 103|0x0000000088100000, 0x0000000088200000, 0x0000000088200000|100%| E|CS|TAMS 0x0000000088100000, 0x0000000088100000| Complete 
| 104|0x0000000088200000, 0x0000000088300000, 0x0000000088300000|100%| E|CS|TAMS 0x0000000088200000, 0x0000000088200000| Complete 
| 105|0x0000000088300000, 0x0000000088400000, 0x0000000088400000|100%| E|CS|TAMS 0x0000000088300000, 0x0000000088300000| Complete 
| 106|0x0000000088400000, 0x0000000088500000, 0x0000000088500000|100%| E|CS|TAMS 0x0000000088400000, 0x0000000088400000| Complete 
| 107|0x0000000088500000, 0x0000000088600000, 0x0000000088600000|100%| E|CS|TAMS 0x0000000088500000, 0x0000000088500000| Complete 
| 108|0x0000000088600000, 0x0000000088700000, 0x0000000088700000|100%| E|CS|TAMS 0x0000000088600000, 0x0000000088600000| Complete 
| 109|0x0000000088700000, 0x0000000088800000, 0x0000000088800000|100%| E|CS|TAMS 0x0000000088700000, 0x0000000088700000| Complete 
| 110|0x0000000088800000, 0x0000000088900000, 0x0000000088900000|100%| E|CS|TAMS 0x0000000088800000, 0x0000000088800000| Complete 
| 111|0x0000000088900000, 0x0000000088a00000, 0x0000000088a00000|100%| E|CS|TAMS 0x0000000088900000, 0x0000000088900000| Complete 
| 112|0x0000000088a00000, 0x0000000088b00000, 0x0000000088b00000|100%| E|CS|TAMS 0x0000000088a00000, 0x0000000088a00000| Complete 
| 113|0x0000000088b00000, 0x0000000088c00000, 0x0000000088c00000|100%| E|CS|TAMS 0x0000000088b00000, 0x0000000088b00000| Complete 
| 114|0x0000000088c00000, 0x0000000088d00000, 0x0000000088d00000|100%| E|CS|TAMS 0x0000000088c00000, 0x0000000088c00000| Complete 
| 115|0x0000000088d00000, 0x0000000088e00000, 0x0000000088e00000|100%| E|CS|TAMS 0x0000000088d00000, 0x0000000088d00000| Complete 
| 116|0x0000000088e00000, 0x0000000088f00000, 0x0000000088f00000|100%| E|CS|TAMS 0x0000000088e00000, 0x0000000088e00000| Complete 
| 117|0x0000000088f00000, 0x0000000089000000, 0x0000000089000000|100%| E|CS|TAMS 0x0000000088f00000, 0x0000000088f00000| Complete 
| 118|0x0000000089000000, 0x0000000089100000, 0x0000000089100000|100%| E|CS|TAMS 0x0000000089000000, 0x0000000089000000| Complete 
| 119|0x0000000089100000, 0x0000000089200000, 0x0000000089200000|100%| E|CS|TAMS 0x0000000089100000, 0x0000000089100000| Complete 
| 120|0x0000000089200000, 0x0000000089300000, 0x0000000089300000|100%| E|CS|TAMS 0x0000000089200000, 0x0000000089200000| Complete 
| 121|0x0000000089300000, 0x0000000089400000, 0x0000000089400000|100%| E|CS|TAMS 0x0000000089300000, 0x0000000089300000| Complete 
| 122|0x0000000089400000, 0x0000000089500000, 0x0000000089500000|100%| E|CS|TAMS 0x0000000089400000, 0x0000000089400000| Complete 
| 123|0x0000000089500000, 0x0000000089600000, 0x0000000089600000|100%| E|CS|TAMS 0x0000000089500000, 0x0000000089500000| Complete 
| 124|0x0000000089600000, 0x0000000089700000, 0x0000000089700000|100%| E|CS|TAMS 0x0000000089600000, 0x0000000089600000| Complete 
| 125|0x0000000089700000, 0x0000000089800000, 0x0000000089800000|100%| E|CS|TAMS 0x0000000089700000, 0x0000000089700000| Complete 
| 126|0x0000000089800000, 0x0000000089900000, 0x0000000089900000|100%| E|CS|TAMS 0x0000000089800000, 0x0000000089800000| Complete 
| 127|0x0000000089900000, 0x0000000089a00000, 0x0000000089a00000|100%| E|CS|TAMS 0x0000000089900000, 0x0000000089900000| Complete 

Card table byte_map: [0x00000145b5ad0000,0x00000145b5ed0000] _byte_map_base: 0x00000145b56c3000

Marking Bits (Prev, Next): (CMBitMap*) 0x000001459df65388, (CMBitMap*) 0x000001459df653c0
 Prev Bits: [0x00000145b62d0000, 0x00000145b8268000)
 Next Bits: [0x00000145b8270000, 0x00000145ba208000)

Polling page: 0x000001459bdc0000

Metaspace:

Usage:
  Non-class:     35.17 MB capacity,    34.84 MB (>99%) used,   275.87 KB ( <1%) free+waste,    65.94 KB ( <1%) overhead. 
      Class:      5.01 MB capacity,     4.83 MB ( 96%) used,   155.20 KB (  3%) free+waste,    28.25 KB ( <1%) overhead. 
       Both:     40.18 MB capacity,    39.66 MB ( 99%) used,   431.07 KB (  1%) free+waste,    94.19 KB ( <1%) overhead. 

Virtual space:
  Non-class space:       36.00 MB reserved,      35.25 MB ( 98%) committed 
      Class space:        1.00 GB reserved,       5.13 MB ( <1%) committed 
             Both:        1.04 GB reserved,      40.38 MB (  4%) committed 

Chunk freelists:
   Non-Class:  2.25 KB
       Class:  0 bytes
        Both:  2.25 KB

CodeHeap 'non-profiled nmethods': size=120000Kb used=1257Kb max_used=1257Kb free=118742Kb
 bounds [0x00000145ade70000, 0x00000145ae0e0000, 0x00000145b53a0000]
CodeHeap 'profiled nmethods': size=120000Kb used=4757Kb max_used=4757Kb free=115242Kb
 bounds [0x00000145a6940000, 0x00000145a6df0000, 0x00000145ade70000]
CodeHeap 'non-nmethods': size=5760Kb used=1309Kb max_used=1371Kb free=4450Kb
 bounds [0x00000145a63a0000, 0x00000145a6610000, 0x00000145a6940000]
 total_blobs=2941 nmethods=2356 adapters=504
 compilation: enabled
              stopped_count=0, restarted_count=0
 full_count=0

Compilation events (10 events):
Event: 3.262 Thread 0x00000145bd5e9000 2347       3       java.lang.invoke.MethodTypeForm::pack (54 bytes)
Event: 3.262 Thread 0x00000145bd5e9000 nmethod 2347 0x00000145a6de3e10 code [0x00000145a6de3fa0, 0x00000145a6de4118]
Event: 3.263 Thread 0x00000145bd5e9000 2349       3       java.lang.invoke.MethodHandles$Lookup::checkField (56 bytes)
Event: 3.263 Thread 0x00000145bd5e9000 nmethod 2349 0x00000145a6de4190 code [0x00000145a6de4380, 0x00000145a6de48a0]
Event: 3.263 Thread 0x00000145bd5e9000 2350       3       java.lang.invoke.MemberName::isProtected (8 bytes)
Event: 3.263 Thread 0x00000145bd5e9000 nmethod 2350 0x00000145a6de4a90 code [0x00000145a6de4c40, 0x00000145a6de4e58]
Event: 3.267 Thread 0x00000145bdcfa000 nmethod 2342 0x00000145adfa1310 code [0x00000145adfa14c0, 0x00000145adfa1988]
Event: 3.366 Thread 0x00000145bef5b000 nmethod 2340 0x00000145adfa1e10 code [0x00000145adfa2280, 0x00000145adfa77a0]
Event: 3911.442 Thread 0x00000145bd5e9000 2356       3       java.lang.invoke.MemberName::<init> (47 bytes)
Event: 3911.445 Thread 0x00000145bd5e9000 nmethod 2356 0x00000145a6de4f10 code [0x00000145a6de5100, 0x00000145a6de5480]

GC Heap History (6 events):
Event: 0.667 GC heap before
{Heap before GC invocations=0 (full 0):
 garbage-first heap   total 131072K, used 24576K [0x0000000081a00000, 0x0000000100000000)
  region size 1024K, 24 young (24576K), 0 survivors (0K)
 Metaspace       used 7388K, capacity 7532K, committed 7680K, reserved 1056768K
  class space    used 660K, capacity 709K, committed 768K, reserved 1048576K
}
Event: 0.670 GC heap after
{Heap after GC invocations=1 (full 0):
 garbage-first heap   total 131072K, used 3093K [0x0000000081a00000, 0x0000000100000000)
  region size 1024K, 3 young (3072K), 3 survivors (3072K)
 Metaspace       used 7388K, capacity 7532K, committed 7680K, reserved 1056768K
  class space    used 660K, capacity 709K, committed 768K, reserved 1048576K
}
Event: 1.676 GC heap before
{Heap before GC invocations=1 (full 0):
 garbage-first heap   total 131072K, used 59413K [0x0000000081a00000, 0x0000000100000000)
  region size 1024K, 60 young (61440K), 3 survivors (3072K)
 Metaspace       used 20919K, capacity 21235K, committed 21248K, reserved 1069056K
  class space    used 2410K, capacity 2548K, committed 2560K, reserved 1048576K
}
Event: 1.684 GC heap after
{Heap after GC invocations=2 (full 0):
 garbage-first heap   total 131072K, used 5766K [0x0000000081a00000, 0x0000000100000000)
  region size 1024K, 5 young (5120K), 5 survivors (5120K)
 Metaspace       used 20919K, capacity 21235K, committed 21248K, reserved 1069056K
  class space    used 2410K, capacity 2548K, committed 2560K, reserved 1048576K
}
Event: 2.688 GC heap before
{Heap before GC invocations=3 (full 0):
 garbage-first heap   total 131072K, used 57990K [0x0000000081a00000, 0x0000000100000000)
  region size 1024K, 58 young (59392K), 5 survivors (5120K)
 Metaspace       used 35382K, capacity 35788K, committed 35840K, reserved 1081344K
  class space    used 4167K, capacity 4302K, committed 4352K, reserved 1048576K
}
Event: 2.699 GC heap after
{Heap after GC invocations=4 (full 0):
 garbage-first heap   total 131072K, used 10240K [0x0000000081a00000, 0x0000000100000000)
  region size 1024K, 9 young (9216K), 9 survivors (9216K)
 Metaspace       used 35382K, capacity 35788K, committed 35840K, reserved 1081344K
  class space    used 4167K, capacity 4302K, committed 4352K, reserved 1048576K
}

Deoptimization events (10 events):
Event: 2.168 Thread 0x000001459df27800 Uncommon trap: reason=unstable_if action=reinterpret pc=0x00000145adf340a0 method=java.util.regex.Pattern$Start.match(Ljava/util/regex/Matcher;ILjava/lang/CharSequence;)Z @ 10 c2
Event: 2.190 Thread 0x000001459df27800 Uncommon trap: reason=class_check action=maybe_recompile pc=0x00000145adf3ecac method=sun.security.util.math.intpoly.IntegerPolynomial$MutableElement.setSum(Lsun/security/util/math/IntegerModuloP;)Lsun/security/util/math/intpoly/IntegerPolynomial$MutableE
Event: 2.190 Thread 0x000001459df27800 Uncommon trap: reason=class_check action=maybe_recompile pc=0x00000145adf3ecac method=sun.security.util.math.intpoly.IntegerPolynomial$MutableElement.setSum(Lsun/security/util/math/IntegerModuloP;)Lsun/security/util/math/intpoly/IntegerPolynomial$MutableE
Event: 2.190 Thread 0x000001459df27800 Uncommon trap: reason=class_check action=maybe_recompile pc=0x00000145adf3ecac method=sun.security.util.math.intpoly.IntegerPolynomial$MutableElement.setSum(Lsun/security/util/math/IntegerModuloP;)Lsun/security/util/math/intpoly/IntegerPolynomial$MutableE
Event: 2.190 Thread 0x000001459df27800 Uncommon trap: reason=class_check action=maybe_recompile pc=0x00000145adf3ecac method=sun.security.util.math.intpoly.IntegerPolynomial$MutableElement.setSum(Lsun/security/util/math/IntegerModuloP;)Lsun/security/util/math/intpoly/IntegerPolynomial$MutableE
Event: 2.791 Thread 0x000001459df27800 Uncommon trap: reason=unstable_if action=reinterpret pc=0x00000145adf2f3e8 method=java.util.HashMap$HashIterator.<init>(Ljava/util/HashMap;)V @ 45 c2
Event: 2.812 Thread 0x000001459df27800 Uncommon trap: reason=unstable_if action=reinterpret pc=0x00000145adf30114 method=java.util.HashMap$HashIterator.<init>(Ljava/util/HashMap;)V @ 45 c2
Event: 2.812 Thread 0x000001459df27800 Uncommon trap: reason=unstable_if action=reinterpret pc=0x00000145adf2d1bc method=java.util.HashMap$HashIterator.<init>(Ljava/util/HashMap;)V @ 45 c2
Event: 3.016 Thread 0x000001459df27800 Uncommon trap: reason=unstable_if action=reinterpret pc=0x00000145adeaf1fc method=java.lang.AbstractStringBuilder.append(Ljava/lang/String;)Ljava/lang/AbstractStringBuilder; @ 1 c2
Event: 194.905 Thread 0x00000145bd8e5000 Uncommon trap: reason=unstable_if action=reinterpret pc=0x00000145adfa1860 method=sun.instrument.InstrumentationImpl.transform(Ljava/lang/Module;Ljava/lang/ClassLoader;Ljava/lang/String;Ljava/lang/Class;Ljava/security/ProtectionDomain;[BZ)[B @ 24 c2

Classes redefined (4 events):
Event: 194.932 Thread 0x00000145bcc4c800 redefined class name=mate.academy.hibernate.relations.dao.impl.CountryDaoImpl, count=1
Event: 528.596 Thread 0x00000145bcc4c800 redefined class name=mate.academy.hibernate.relations.Main, count=1
Event: 528.606 Thread 0x00000145bcc4c800 redefined class name=mate.academy.hibernate.relations.model.Actor, count=1
Event: 5002.696 Thread 0x00000145bcc4c800 redefined class name=mate.academy.hibernate.relations.Main, count=2

Internal exceptions (10 events):
Event: 2.069 Thread 0x000001459df27800 Exception <a 'java/lang/IncompatibleClassChangeError'{0x0000000088696fd0}: Found class java.lang.Object, but interface was expected> (0x0000000088696fd0) thrown at [./open/src/hotspot/share/interpreter/linkResolver.cpp, line 838]
Event: 2.070 Thread 0x000001459df27800 Exception <a 'java/lang/NoSuchMethodError'{0x000000008869a428}: java.lang.invoke.DirectMethodHandle$Holder.invokeStaticInit(Ljava/lang/Object;Ljava/lang/Object;)V> (0x000000008869a428) thrown at [./open/src/hotspot/share/interpreter/linkResolver.cpp, line
Event: 2.070 Thread 0x000001459df27800 Exception <a 'java/lang/NoSuchMethodError'{0x000000008869fa18}: java.lang.invoke.DirectMethodHandle$Holder.invokeStaticInit(Ljava/lang/Object;Ljava/lang/Object;)I> (0x000000008869fa18) thrown at [./open/src/hotspot/share/interpreter/linkResolver.cpp, line
Event: 2.236 Thread 0x000001459df27800 Exception <a 'java/lang/NoSuchMethodError'{0x0000000087fef058}: java.lang.invoke.DirectMethodHandle$Holder.invokeVirtual(Ljava/lang/Object;Ljava/lang/Object;)V> (0x0000000087fef058) thrown at [./open/src/hotspot/share/interpreter/linkResolver.cpp, line 77
Event: 2.472 Thread 0x000001459df27800 Exception <a 'java/lang/NoSuchMethodError'{0x000000008701ab60}: java.lang.invoke.DirectMethodHandle$Holder.newInvokeSpecial(Ljava/lang/Object;Ljava/lang/Object;ILjava/lang/Object;Ljava/lang/Object;)Ljava/lang/Object;> (0x000000008701ab60) thrown at [./ope
Event: 2.891 Thread 0x000001459df27800 Exception <a 'java/lang/NoSuchMethodError'{0x0000000089062e78}: java.lang.invoke.DirectMethodHandle$Holder.invokeInterface(Ljava/lang/Object;Ljava/lang/Object;)V> (0x0000000089062e78) thrown at [./open/src/hotspot/share/interpreter/linkResolver.cpp, line 
Event: 2.903 Thread 0x000001459df27800 Exception <a 'java/lang/NoSuchMethodError'{0x0000000088f18a68}: java.lang.invoke.DirectMethodHandle$Holder.invokeStaticInit(Ljava/lang/Object;Ljava/lang/Object;Ljava/lang/Object;Ljava/lang/Object;II)Ljava/lang/Object;> (0x0000000088f18a68) thrown at [./op
Event: 3.015 Thread 0x000001459df27800 Implicit null exception at 0x00000145adeae9f5 to 0x00000145adeaf1e6
Event: 6.117 Thread 0x000001459df27800 Exception <a 'java/lang/NoSuchMethodError'{0x00000000887b48a0}: java.lang.invoke.DirectMethodHandle$Holder.invokeInterface(Ljava/lang/Object;Ljava/lang/Object;Ljava/lang/Object;)Ljava/lang/Object;> (0x00000000887b48a0) thrown at [./open/src/hotspot/share/
Event: 6.444 Thread 0x000001459df27800 Exception <a 'java/lang/NoSuchMethodError'{0x00000000882cbd68}: java.lang.invoke.DirectMethodHandle$Holder.invokeStatic(Ljava/lang/Object;Ljava/lang/Object;Ljava/lang/Object;Ljava/lang/Object;)V> (0x00000000882cbd68) thrown at [./open/src/hotspot/share/in

Events (10 events):
Event: 5697.458 Executing VM operation: GetFrameCount done
Event: 5697.459 Executing VM operation: GetFrameCount
Event: 5697.459 Executing VM operation: GetFrameCount done
Event: 5697.459 Executing VM operation: GetStackTrace
Event: 5697.459 Executing VM operation: GetStackTrace done
Event: 5697.606 Executing VM operation: ChangeBreakpoints
Event: 5697.608 Executing VM operation: ChangeBreakpoints done
Event: 5697.612 Executing VM operation: ChangeBreakpoints
Event: 5697.614 Executing VM operation: ChangeBreakpoints done
Event: 5697.707 Executing VM operation: GetOrSetLocal


Dynamic libraries:
0x00007ff7fde10000 - 0x00007ff7fde1f000 	C:\Program Files\Java\jdk-11.0.9\bin\java.exe
0x00007ffb6df70000 - 0x00007ffb6e150000 	C:\Windows\SYSTEM32\ntdll.dll
0x00007ffb6c140000 - 0x00007ffb6c1ee000 	C:\Windows\System32\KERNEL32.DLL
0x00007ffb6a530000 - 0x00007ffb6a796000 	C:\Windows\System32\KERNELBASE.dll
0x00007ffb6b170000 - 0x00007ffb6b264000 	C:\Windows\System32\ucrtbase.dll
0x00007ffb4dff0000 - 0x00007ffb4e008000 	C:\Program Files\Java\jdk-11.0.9\bin\jli.dll
0x00007ffb6d940000 - 0x00007ffb6d9e1000 	C:\Windows\System32\ADVAPI32.dll
0x00007ffb6bb70000 - 0x00007ffb6bc0d000 	C:\Windows\System32\msvcrt.dll
0x00007ffb6d870000 - 0x00007ffb6d8cb000 	C:\Windows\System32\sechost.dll
0x00007ffb6bc10000 - 0x00007ffb6bd2f000 	C:\Windows\System32\RPCRT4.dll
0x00007ffb6bea0000 - 0x00007ffb6c02f000 	C:\Windows\System32\USER32.dll
0x00007ffb6a420000 - 0x00007ffb6a440000 	C:\Windows\System32\win32u.dll
0x00007ffb6dee0000 - 0x00007ffb6df08000 	C:\Windows\System32\GDI32.dll
0x00007ffb6af70000 - 0x00007ffb6b103000 	C:\Windows\System32\gdi32full.dll
0x00007ffb6a440000 - 0x00007ffb6a4db000 	C:\Windows\System32\msvcp_win.dll
0x00007ffb69e80000 - 0x00007ffb69e8a000 	C:\Windows\SYSTEM32\VERSION.dll
0x00007ffb4d4e0000 - 0x00007ffb4d749000 	C:\Windows\WinSxS\amd64_microsoft.windows.common-controls_6595b64144ccf1df_6.0.16299.1087_none_0f9074b65a6589b7\COMCTL32.dll
0x00007ffb6b4c0000 - 0x00007ffb6b7c6000 	C:\Windows\System32\combase.dll
0x00007ffb6aef0000 - 0x00007ffb6af62000 	C:\Windows\System32\bcryptPrimitives.dll
0x00007ffb4dfd0000 - 0x00007ffb4dfe5000 	C:\Program Files\Java\jdk-11.0.9\bin\VCRUNTIME140.dll
0x00007ffb6df10000 - 0x00007ffb6df3d000 	C:\Windows\System32\IMM32.DLL
0x00007ffb4de70000 - 0x00007ffb4df0b000 	C:\Program Files\Java\jdk-11.0.9\bin\msvcp140.dll
0x00007ffb4b860000 - 0x00007ffb4c357000 	C:\Program Files\Java\jdk-11.0.9\bin\server\jvm.dll
0x00007ffb6da80000 - 0x00007ffb6da88000 	C:\Windows\System32\PSAPI.DLL
0x00007ffb53210000 - 0x00007ffb53219000 	C:\Windows\SYSTEM32\WSOCK32.dll
0x00007ffb67f00000 - 0x00007ffb67f23000 	C:\Windows\SYSTEM32\WINMM.dll
0x00007ffb6d7a0000 - 0x00007ffb6d80c000 	C:\Windows\System32\WS2_32.dll
0x00007ffb67e90000 - 0x00007ffb67eba000 	C:\Windows\SYSTEM32\winmmbase.dll
0x00007ffb6a4e0000 - 0x00007ffb6a52a000 	C:\Windows\System32\cfgmgr32.dll
0x00007ffb6a2c0000 - 0x00007ffb6a2d1000 	C:\Windows\System32\kernel.appcore.dll
0x00007ffb4dfb0000 - 0x00007ffb4dfc0000 	C:\Program Files\Java\jdk-11.0.9\bin\verify.dll
0x00007ffb66750000 - 0x00007ffb66918000 	C:\Windows\SYSTEM32\DBGHELP.DLL
0x00007ffb56040000 - 0x00007ffb56069000 	C:\Windows\SYSTEM32\dbgcore.DLL
0x00007ffb4df80000 - 0x00007ffb4dfa8000 	C:\Program Files\Java\jdk-11.0.9\bin\java.dll
0x00007ffb4df60000 - 0x00007ffb4df6a000 	C:\Program Files\Java\jdk-11.0.9\bin\jimage.dll
0x00007ffb3a8e0000 - 0x00007ffb3a918000 	C:\Program Files\Java\jdk-11.0.9\bin\jdwp.dll
0x00007ffb68090000 - 0x00007ffb6809e000 	C:\Program Files\Java\jdk-11.0.9\bin\instrument.dll
0x00007ffb4de50000 - 0x00007ffb4de66000 	C:\Program Files\Java\jdk-11.0.9\bin\zip.dll
0x00007ffb6c360000 - 0x00007ffb6d798000 	C:\Windows\System32\SHELL32.dll
0x00007ffb6b7d0000 - 0x00007ffb6b876000 	C:\Windows\System32\shcore.dll
0x00007ffb6a7a0000 - 0x00007ffb6aee7000 	C:\Windows\System32\windows.storage.dll
0x00007ffb6da00000 - 0x00007ffb6da51000 	C:\Windows\System32\shlwapi.dll
0x00007ffb6a300000 - 0x00007ffb6a34c000 	C:\Windows\System32\powrprof.dll
0x00007ffb6a350000 - 0x00007ffb6a36b000 	C:\Windows\System32\profapi.dll
0x00007ffb66a50000 - 0x00007ffb66a5a000 	C:\Program Files\Java\jdk-11.0.9\bin\dt_socket.dll
0x00007ffb69a80000 - 0x00007ffb69ae6000 	C:\Windows\system32\mswsock.dll
0x00007ffb479e0000 - 0x00007ffb479f9000 	C:\Program Files\Java\jdk-11.0.9\bin\net.dll
0x00007ffb5fdf0000 - 0x00007ffb5fece000 	C:\Windows\SYSTEM32\WINHTTP.dll
0x00007ffb479c0000 - 0x00007ffb479d2000 	C:\Program Files\Java\jdk-11.0.9\bin\nio.dll
0x00007ffb69c40000 - 0x00007ffb69c57000 	C:\Windows\SYSTEM32\CRYPTSP.dll
0x00007ffb69680000 - 0x00007ffb696b3000 	C:\Windows\system32\rsaenh.dll
0x00007ffb69d50000 - 0x00007ffb69d75000 	C:\Windows\SYSTEM32\bcrypt.dll
0x00007ffb6a1c0000 - 0x00007ffb6a1e9000 	C:\Windows\SYSTEM32\USERENV.dll
0x00007ffb69c60000 - 0x00007ffb69c6b000 	C:\Windows\SYSTEM32\CRYPTBASE.dll
0x00007ffb69810000 - 0x00007ffb69849000 	C:\Windows\SYSTEM32\IPHLPAPI.DLL
0x00007ffb6d8d0000 - 0x00007ffb6d8d8000 	C:\Windows\System32\NSI.dll
0x00007ffb63ec0000 - 0x00007ffb63ed6000 	C:\Windows\SYSTEM32\dhcpcsvc6.DLL
0x00007ffb64250000 - 0x00007ffb6426a000 	C:\Windows\SYSTEM32\dhcpcsvc.DLL
0x00007ffb69850000 - 0x00007ffb69906000 	C:\Windows\SYSTEM32\DNSAPI.dll
0x00007ffb5fc20000 - 0x00007ffb5fc2a000 	C:\Windows\System32\rasadhlp.dll
0x00007ffb5fd80000 - 0x00007ffb5fdf0000 	C:\Windows\System32\fwpuclnt.dll
0x00007ffb396d0000 - 0x00007ffb396dd000 	C:\Program Files\Java\jdk-11.0.9\bin\sunmscapi.dll
0x00007ffb6b270000 - 0x00007ffb6b43e000 	C:\Windows\System32\CRYPT32.dll
0x00007ffb6a2e0000 - 0x00007ffb6a2f2000 	C:\Windows\System32\MSASN1.dll
0x00007ffb69d20000 - 0x00007ffb69d46000 	C:\Windows\SYSTEM32\ncrypt.dll
0x00007ffb69ce0000 - 0x00007ffb69d16000 	C:\Windows\SYSTEM32\NTASN1.dll
0x00007ffb396a0000 - 0x00007ffb396c5000 	C:\Program Files\Java\jdk-11.0.9\bin\sunec.dll

dbghelp: loaded successfully - version: 4.0.5 - missing functions: none
symbol engine: initialized successfully - sym options: 0x614 - pdb path: .;C:\Program Files\Java\jdk-11.0.9\bin;C:\Windows\SYSTEM32;C:\Windows\WinSxS\amd64_microsoft.windows.common-controls_6595b64144ccf1df_6.0.16299.1087_none_0f9074b65a6589b7;C:\Program Files\Java\jdk-11.0.9\bin\server

VM Arguments:
jvm_args: -agentlib:jdwp=transport=dt_socket,address=127.0.0.1:55293,suspend=y,server=n -javaagent:C:\Users\Юлия\.IntelliJIdea2018.3\system\captureAgent\debugger-agent.jar -Dfile.encoding=UTF-8 
java_command: mate.academy.hibernate.relations.Main
java_class_path (initial): D:\mateStudy\idea-projects\hibernate-relations-hw\target\classes;C:\Users\Юлия\.m2\repository\org\hibernate\hibernate-core\5.5.7.Final\hibernate-core-5.5.7.Final.jar;C:\Users\Юлия\.m2\repository\org\jboss\logging\jboss-logging\3.4.2.Final\jboss-logging-3.4.2.Final.jar;C:\Users\Юлия\.m2\repository\javax\persistence\javax.persistence-api\2.2\javax.persistence-api-2.2.jar;C:\Users\Юлия\.m2\repository\org\javassist\javassist\3.27.0-GA\javassist-3.27.0-GA.jar;C:\Users\Юлия\.m2\repository\net\bytebuddy\byte-buddy\1.11.12\byte-buddy-1.11.12.jar;C:\Users\Юлия\.m2\repository\antlr\antlr\2.7.7\antlr-2.7.7.jar;C:\Users\Юлия\.m2\repository\org\jboss\spec\javax\transaction\jboss-transaction-api_1.2_spec\1.1.1.Final\jboss-transaction-api_1.2_spec-1.1.1.Final.jar;C:\Users\Юлия\.m2\repository\org\jboss\jandex\2.2.3.Final\jandex-2.2.3.Final.jar;C:\Users\Юлия\.m2\repository\com\fasterxml\classmate\1.5.1\classmate-1.5.1.jar;C:\Users\Юлия\.m2\repository\javax\activation\javax.activation-api\1.2.0\javax.activation-api-1.2.0.jar;C:\Users\Юлия\.m2\repository\org\hibernate\common\hibernate-commons-annotations\5.1.2.Final\hibernate-commons-annotations-5.1.2.Final.jar;C:\Users\Юлия\.m2\repository\javax\xml\bind\jaxb-api\2.3.1\jaxb-api-2.3.1.jar;C:\Users\Юлия\.m2\repository\org\glassfish\jaxb\jaxb-runtime\2.3.1\jaxb-runtime-2.3.1.jar;C:\Users\Юлия\.m2\repository\org\glassfish\jaxb\txw2\2.3.1\txw2-2.3.1.jar;C:\Users\Юлия\.m2\repository\com\sun\istack\istack-commons-runtime\3.0.7\istack-commons-runtime-3.0.7.jar;C:\Users\Юлия\.m2\repository\org\jvnet\staxex\stax-ex\1.8\stax-ex-1.8.jar;C:\Users\Юлия\.m2\repository\com\sun\xml\fastinfoset\FastInfoset\1.2.15\FastInfoset-1.2.15.jar;C:\Users\Юлия\.m2\repository\mysql\mysql-connector-java\8.0.15\mysql-connector-java-8.0.15.jar;C:\Users\Юлия\.m2\repository\com\google\protobuf\protobuf-java\3.6.1\protobuf-java-3.6.1.jar;C:\Program Files\JetBrains\IntelliJ IDEA 2018.3.6\lib\idea_rt.jar
Launcher Type: SUN_STANDARD

[Global flags]
     intx CICompilerCount                          = 4                                         {product} {ergonomic}
     uint ConcGCThreads                            = 2                                         {product} {ergonomic}
     uint G1ConcRefinementThreads                  = 8                                         {product} {ergonomic}
   size_t G1HeapRegionSize                         = 1048576                                   {product} {ergonomic}
    uintx GCDrainStackTargetSize                   = 64                                        {product} {ergonomic}
   size_t InitialHeapSize                          = 134217728                                 {product} {ergonomic}
   size_t MarkStackSize                            = 4194304                                   {product} {ergonomic}
   size_t MaxHeapSize                              = 2120220672                                {product} {ergonomic}
   size_t MaxNewSize                               = 1271922688                                {product} {ergonomic}
   size_t MinHeapDeltaBytes                        = 1048576                                   {product} {ergonomic}
    uintx NonNMethodCodeHeapSize                   = 5836300                                {pd product} {ergonomic}
    uintx NonProfiledCodeHeapSize                  = 122910970                              {pd product} {ergonomic}
    uintx ProfiledCodeHeapSize                     = 122910970                              {pd product} {ergonomic}
    uintx ReservedCodeCacheSize                    = 251658240                              {pd product} {ergonomic}
     bool SegmentedCodeCache                       = true                                      {product} {ergonomic}
     bool UseCompressedClassPointers               = true                                 {lp64_product} {ergonomic}
     bool UseCompressedOops                        = true                                 {lp64_product} {ergonomic}
     bool UseG1GC                                  = true                                      {product} {ergonomic}
     bool UseLargePagesIndividualAllocation        = false                                  {pd product} {ergonomic}

Logging:
Log output configuration:
 #0: stdout all=warning uptime,level,tags
 #1: stderr all=off uptime,level,tags

Environment Variables:
JAVA_HOME=C:\Program Files\Java\jdk-11.0.9
PATH=C:\Windows\system32;C:\Windows;C:\Windows\System32\Wbem;C:\Windows\System32\WindowsPowerShell\v1.0\;%M2_HOME%\bin;C:\Program Files\Maven\apache-maven-3.5.0\bin;C:\Program Files\Git\cmd;C:\Program Files (x86)\QuickTime\QTSystem\;C:\Program Files\Java\jdk-11.0.9\bin\;C:\Program Files\MySQL\MySQL Shell 8.0\bin\;C:\Users\Юлия\AppData\Local\Microsoft\WindowsApps;C:\Program Files\Jenkins;;C:\Users\Юлия\AppData\Local\Programs\Microsoft VS Code\bin;C:\Program Files\JetBrains\IntelliJ IDEA 2021.2.3\bin;
USERNAME=Юлия
OS=Windows_NT
PROCESSOR_IDENTIFIER=Intel64 Family 6 Model 142 Stepping 10, GenuineIntel



---------------  S Y S T E M  ---------------

OS: Windows 10 , 64 bit Build 16299 (10.0.16299.1087)

CPU:total 8 (initial active 8) (4 cores per cpu, 2 threads per core) family 6 model 142 stepping 10, cmov, cx8, fxsr, mmx, sse, sse2, sse3, ssse3, sse4.1, sse4.2, popcnt, avx, avx2, aes, clmul, erms, 3dnowpref, lzcnt, ht, tsc, tscinvbit, bmi1, bmi2, adx, fma

Memory: 4k page, system-wide physical 8087M (1014M free)
TotalPageFile size 21216M (AvailPageFile size 1677M)
current process WorkingSet (physical memory assigned to process): 63M, peak: 206M
current process commit charge ("private bytes"): 259M, peak: 306M

vm_info: Java HotSpot(TM) 64-Bit Server VM (11.0.9+7-LTS) for windows-amd64 JRE (11.0.9+7-LTS), built on Sep 15 2020 16:47:03 by "mach5one" with MS VC++ 15.9 (VS2017)

END.
