#
# There is insufficient memory for the Java Runtime Environment to continue.
# Native memory allocation (malloc) failed to allocate 1269616 bytes for Chunk::new
# Possible reasons:
#   The system is out of physical RAM or swap space
#   The process is running with CompressedOops enabled, and the Java Heap may be blocking the growth of the native heap
# Possible solutions:
#   Reduce memory load on the system
#   Increase physical memory or swap space
#   Check if swap backing store is full
#   Decrease Java heap size (-Xmx/-Xms)
#   Decrease number of Java threads
#   Decrease Java thread stack sizes (-Xss)
#   Set larger code cache with -XX:ReservedCodeCacheSize=
#   JVM is running with Unscaled Compressed Oops mode in which the Java heap is
#     placed in the first 4GB address space. The Java Heap base address is the
#     maximum limit for the native heap growth. Please use -XX:HeapBaseMinAddress
#     to set the Java Heap base and to place the Java Heap above 4GB virtual address.
# This output file may be truncated or incomplete.
#
#  Out of Memory Error (./open/src/hotspot/share/memory/arena.cpp:197), pid=26360, tid=20040
#
# JRE version: Java(TM) SE Runtime Environment 18.9 (11.0.9+7) (build 11.0.9+7-LTS)
# Java VM: Java HotSpot(TM) 64-Bit Server VM 18.9 (11.0.9+7-LTS, mixed mode, tiered, compressed oops, g1 gc, windows-amd64)
# No core dump will be written. Minidumps are not enabled by default on client versions of Windows
#

---------------  S U M M A R Y ------------

Command Line: -ea -Didea.test.cyclic.buffer.size=1048576 -javaagent:C:\Program Files\JetBrains\IntelliJ IDEA 2018.3.6\lib\idea_rt.jar=54355:C:\Program Files\JetBrains\IntelliJ IDEA 2018.3.6\bin -Dfile.encoding=UTF-8 com.intellij.rt.execution.junit.JUnitStarter -ideVersion5 @w@C:\Users\Юлия\AppData\Local\Temp\idea_working_dirs_junit.tmp @C:\Users\Юлия\AppData\Local\Temp\idea_junit.tmp -socket54354

Host: Intel(R) Core(TM) i5-8250U CPU @ 1.60GHz, 8 cores, 7G,  Windows 10 , 64 bit Build 16299 (10.0.16299.1087)
Time: Mon Oct 25 04:46:49 2021 Oeieyiaey (eaoi) elapsed time: 2.180623 seconds (0d 0h 0m 2s)

---------------  T H R E A D  ---------------

Current thread (0x000001e2920c2000):  JavaThread "C2 CompilerThread1" daemon [_thread_in_native, id=20040, stack(0x00000053d9900000,0x00000053d9a00000)]


Current CompileTask:
C2:   2180 1610       4       jdk.internal.loader.URLClassPath::getResource (74 bytes)

Stack: [0x00000053d9900000,0x00000053d9a00000]
Native frames: (J=compiled Java code, j=interpreted, Vv=VM code, C=native code)
V  [jvm.dll+0x611a3a]
V  [jvm.dll+0x748aaf]
V  [jvm.dll+0x74a135]
V  [jvm.dll+0x74a7b3]
V  [jvm.dll+0x2439f8]
V  [jvm.dll+0xba2bc]
V  [jvm.dll+0xba9bc]
V  [jvm.dll+0x3454a2]
V  [jvm.dll+0x313343]
V  [jvm.dll+0x31268a]
V  [jvm.dll+0x1fd495]
V  [jvm.dll+0x1fc64f]
V  [jvm.dll+0x17f08c]
V  [jvm.dll+0x20bc54]
V  [jvm.dll+0x209d2b]
V  [jvm.dll+0x7103d9]
V  [jvm.dll+0x709114]
V  [jvm.dll+0x610cb6]
C  [ucrtbase.dll+0x1fa95]
C  [KERNEL32.DLL+0x137e4]
C  [ntdll.dll+0x6cb81]


---------------  P R O C E S S  ---------------

Threads class SMR info:
_java_thread_list=0x000001e2920abfa0, length=12, elements={
0x000001e2f17c7800, 0x000001e2ff519000, 0x000001e2ff522800, 0x000001e291043000,
0x000001e2ff533800, 0x000001e2ff534800, 0x000001e2ff539000, 0x000001e2ff53d800,
0x000001e2911d8000, 0x000001e2913de800, 0x000001e2913df800, 0x000001e2920c2000
}

Java Threads: ( => current thread )
  0x000001e2f17c7800 JavaThread "main" [_thread_in_vm, id=14728, stack(0x00000053d8000000,0x00000053d8100000)]
  0x000001e2ff519000 JavaThread "Reference Handler" daemon [_thread_blocked, id=4904, stack(0x00000053d8700000,0x00000053d8800000)]
  0x000001e2ff522800 JavaThread "Finalizer" daemon [_thread_blocked, id=22220, stack(0x00000053d8800000,0x00000053d8900000)]
  0x000001e291043000 JavaThread "Signal Dispatcher" daemon [_thread_blocked, id=12044, stack(0x00000053d8a00000,0x00000053d8b00000)]
  0x000001e2ff533800 JavaThread "Attach Listener" daemon [_thread_blocked, id=23384, stack(0x00000053d8b00000,0x00000053d8c00000)]
  0x000001e2ff534800 JavaThread "C2 CompilerThread0" daemon [_thread_blocked, id=25636, stack(0x00000053d8c00000,0x00000053d8d00000)]
  0x000001e2ff539000 JavaThread "C1 CompilerThread0" daemon [_thread_blocked, id=18600, stack(0x00000053d8d00000,0x00000053d8e00000)]
  0x000001e2ff53d800 JavaThread "Sweeper thread" daemon [_thread_blocked, id=21720, stack(0x00000053d8e00000,0x00000053d8f00000)]
  0x000001e2911d8000 JavaThread "Common-Cleaner" daemon [_thread_blocked, id=19220, stack(0x00000053d8f00000,0x00000053d9000000)]
  0x000001e2913de800 JavaThread "Monitor Ctrl-Break" daemon [_thread_in_native, id=22212, stack(0x00000053d9100000,0x00000053d9200000)]
  0x000001e2913df800 JavaThread "Service Thread" daemon [_thread_blocked, id=25988, stack(0x00000053d9200000,0x00000053d9300000)]
=>0x000001e2920c2000 JavaThread "C2 CompilerThread1" daemon [_thread_in_native, id=20040, stack(0x00000053d9900000,0x00000053d9a00000)]

Other Threads:
  0x000001e2ff514800 VMThread "VM Thread" [stack: 0x00000053d8600000,0x00000053d8700000] [id=21732]
  0x000001e2913e0800 WatcherThread [stack: 0x00000053d9300000,0x00000053d9400000] [id=8236]
  0x000001e2f17db800 GCTaskThread "GC Thread#0" [stack: 0x00000053d8100000,0x00000053d8200000] [id=21928]
  0x000001e29151a000 GCTaskThread "GC Thread#1" [stack: 0x00000053d9400000,0x00000053d9500000] [id=4380]
  0x000001e291518000 GCTaskThread "GC Thread#2" [stack: 0x00000053d9500000,0x00000053d9600000] [id=27184]
  0x000001e2f180c000 ConcurrentGCThread "G1 Main Marker" [stack: 0x00000053d8200000,0x00000053d8300000] [id=24372]
  0x000001e2f180e000 ConcurrentGCThread "G1 Conc#0" [stack: 0x00000053d8300000,0x00000053d8400000] [id=9184]
  0x000001e291518800 ConcurrentGCThread "G1 Conc#1" [stack: 0x00000053d9a00000,0x00000053d9b00000] [id=6728]
  0x000001e2f189e000 ConcurrentGCThread "G1 Refine#0" [stack: 0x00000053d8400000,0x00000053d8500000] [id=11056]
  0x000001e2ff355800 ConcurrentGCThread "G1 Young RemSet Sampling" [stack: 0x00000053d8500000,0x00000053d8600000] [id=27688]

Threads with active compile tasks:
C2 CompilerThread1   2238 1610       4       jdk.internal.loader.URLClassPath::getResource (74 bytes)

VM state:not at safepoint (normal execution)

VM Mutex/Monitor currently owned by a thread: None

Heap address: 0x0000000081a00000, size: 2022 MB, Compressed Oops mode: 32-bit
Narrow klass base: 0x0000000000000000, Narrow klass shift: 3
Compressed class space size: 1073741824 Address: 0x0000000100000000

Heap:
 garbage-first heap   total 131072K, used 25519K [0x0000000081a00000, 0x0000000100000000)
  region size 1024K, 25 young (25600K), 6 survivors (6144K)
 Metaspace       used 25527K, capacity 25895K, committed 26032K, reserved 1073152K
  class space    used 2846K, capacity 2989K, committed 3072K, reserved 1048576K
Heap Regions: E=young(eden), S=young(survivor), O=old, HS=humongous(starts), HC=humongous(continues), CS=collection set, F=free, A=archive, TAMS=top-at-mark-start (previous, next)
|   0|0x0000000081a00000, 0x0000000081b00000, 0x0000000081b00000|100%|HS|  |TAMS 0x0000000081b00000, 0x0000000081a00000| Complete 
|   1|0x0000000081b00000, 0x0000000081b00000, 0x0000000081c00000|  0%| F|  |TAMS 0x0000000081b00000, 0x0000000081b00000| Untracked 
|   2|0x0000000081c00000, 0x0000000081c00000, 0x0000000081d00000|  0%| F|  |TAMS 0x0000000081c00000, 0x0000000081c00000| Untracked 
|   3|0x0000000081d00000, 0x0000000081d00000, 0x0000000081e00000|  0%| F|  |TAMS 0x0000000081d00000, 0x0000000081d00000| Untracked 
|   4|0x0000000081e00000, 0x0000000081e00000, 0x0000000081f00000|  0%| F|  |TAMS 0x0000000081e00000, 0x0000000081e00000| Untracked 
|   5|0x0000000081f00000, 0x0000000081f00000, 0x0000000082000000|  0%| F|  |TAMS 0x0000000081f00000, 0x0000000081f00000| Untracked 
|   6|0x0000000082000000, 0x0000000082000000, 0x0000000082100000|  0%| F|  |TAMS 0x0000000082000000, 0x0000000082000000| Untracked 
|   7|0x0000000082100000, 0x0000000082100000, 0x0000000082200000|  0%| F|  |TAMS 0x0000000082100000, 0x0000000082100000| Untracked 
|   8|0x0000000082200000, 0x0000000082200000, 0x0000000082300000|  0%| F|  |TAMS 0x0000000082200000, 0x0000000082200000| Untracked 
|   9|0x0000000082300000, 0x0000000082300000, 0x0000000082400000|  0%| F|  |TAMS 0x0000000082300000, 0x0000000082300000| Untracked 
|  10|0x0000000082400000, 0x0000000082400000, 0x0000000082500000|  0%| F|  |TAMS 0x0000000082400000, 0x0000000082400000| Untracked 
|  11|0x0000000082500000, 0x0000000082500000, 0x0000000082600000|  0%| F|  |TAMS 0x0000000082500000, 0x0000000082500000| Untracked 
|  12|0x0000000082600000, 0x0000000082600000, 0x0000000082700000|  0%| F|  |TAMS 0x0000000082600000, 0x0000000082600000| Untracked 
|  13|0x0000000082700000, 0x0000000082700000, 0x0000000082800000|  0%| F|  |TAMS 0x0000000082700000, 0x0000000082700000| Untracked 
|  14|0x0000000082800000, 0x0000000082800000, 0x0000000082900000|  0%| F|  |TAMS 0x0000000082800000, 0x0000000082800000| Untracked 
|  15|0x0000000082900000, 0x0000000082900000, 0x0000000082a00000|  0%| F|  |TAMS 0x0000000082900000, 0x0000000082900000| Untracked 
|  16|0x0000000082a00000, 0x0000000082a00000, 0x0000000082b00000|  0%| F|  |TAMS 0x0000000082a00000, 0x0000000082a00000| Untracked 
|  17|0x0000000082b00000, 0x0000000082b00000, 0x0000000082c00000|  0%| F|  |TAMS 0x0000000082b00000, 0x0000000082b00000| Untracked 
|  18|0x0000000082c00000, 0x0000000082c00000, 0x0000000082d00000|  0%| F|  |TAMS 0x0000000082c00000, 0x0000000082c00000| Untracked 
|  19|0x0000000082d00000, 0x0000000082d00000, 0x0000000082e00000|  0%| F|  |TAMS 0x0000000082d00000, 0x0000000082d00000| Untracked 
|  20|0x0000000082e00000, 0x0000000082e00000, 0x0000000082f00000|  0%| F|  |TAMS 0x0000000082e00000, 0x0000000082e00000| Untracked 
|  21|0x0000000082f00000, 0x0000000082f00000, 0x0000000083000000|  0%| F|  |TAMS 0x0000000082f00000, 0x0000000082f00000| Untracked 
|  22|0x0000000083000000, 0x0000000083000000, 0x0000000083100000|  0%| F|  |TAMS 0x0000000083000000, 0x0000000083000000| Untracked 
|  23|0x0000000083100000, 0x0000000083100000, 0x0000000083200000|  0%| F|  |TAMS 0x0000000083100000, 0x0000000083100000| Untracked 
|  24|0x0000000083200000, 0x0000000083200000, 0x0000000083300000|  0%| F|  |TAMS 0x0000000083200000, 0x0000000083200000| Untracked 
|  25|0x0000000083300000, 0x0000000083300000, 0x0000000083400000|  0%| F|  |TAMS 0x0000000083300000, 0x0000000083300000| Untracked 
|  26|0x0000000083400000, 0x0000000083400000, 0x0000000083500000|  0%| F|  |TAMS 0x0000000083400000, 0x0000000083400000| Untracked 
|  27|0x0000000083500000, 0x0000000083500000, 0x0000000083600000|  0%| F|  |TAMS 0x0000000083500000, 0x0000000083500000| Untracked 
|  28|0x0000000083600000, 0x0000000083600000, 0x0000000083700000|  0%| F|  |TAMS 0x0000000083600000, 0x0000000083600000| Untracked 
|  29|0x0000000083700000, 0x0000000083700000, 0x0000000083800000|  0%| F|  |TAMS 0x0000000083700000, 0x0000000083700000| Untracked 
|  30|0x0000000083800000, 0x0000000083800000, 0x0000000083900000|  0%| F|  |TAMS 0x0000000083800000, 0x0000000083800000| Untracked 
|  31|0x0000000083900000, 0x0000000083900000, 0x0000000083a00000|  0%| F|  |TAMS 0x0000000083900000, 0x0000000083900000| Untracked 
|  32|0x0000000083a00000, 0x0000000083a00000, 0x0000000083b00000|  0%| F|  |TAMS 0x0000000083a00000, 0x0000000083a00000| Untracked 
|  33|0x0000000083b00000, 0x0000000083b00000, 0x0000000083c00000|  0%| F|  |TAMS 0x0000000083b00000, 0x0000000083b00000| Untracked 
|  34|0x0000000083c00000, 0x0000000083c00000, 0x0000000083d00000|  0%| F|  |TAMS 0x0000000083c00000, 0x0000000083c00000| Untracked 
|  35|0x0000000083d00000, 0x0000000083d00000, 0x0000000083e00000|  0%| F|  |TAMS 0x0000000083d00000, 0x0000000083d00000| Untracked 
|  36|0x0000000083e00000, 0x0000000083e00000, 0x0000000083f00000|  0%| F|  |TAMS 0x0000000083e00000, 0x0000000083e00000| Untracked 
|  37|0x0000000083f00000, 0x0000000083f00000, 0x0000000084000000|  0%| F|  |TAMS 0x0000000083f00000, 0x0000000083f00000| Untracked 
|  38|0x0000000084000000, 0x0000000084000000, 0x0000000084100000|  0%| F|  |TAMS 0x0000000084000000, 0x0000000084000000| Untracked 
|  39|0x0000000084100000, 0x0000000084100000, 0x0000000084200000|  0%| F|  |TAMS 0x0000000084100000, 0x0000000084100000| Untracked 
|  40|0x0000000084200000, 0x0000000084200000, 0x0000000084300000|  0%| F|  |TAMS 0x0000000084200000, 0x0000000084200000| Untracked 
|  41|0x0000000084300000, 0x0000000084300000, 0x0000000084400000|  0%| F|  |TAMS 0x0000000084300000, 0x0000000084300000| Untracked 
|  42|0x0000000084400000, 0x0000000084400000, 0x0000000084500000|  0%| F|  |TAMS 0x0000000084400000, 0x0000000084400000| Untracked 
|  43|0x0000000084500000, 0x0000000084500000, 0x0000000084600000|  0%| F|  |TAMS 0x0000000084500000, 0x0000000084500000| Untracked 
|  44|0x0000000084600000, 0x0000000084600000, 0x0000000084700000|  0%| F|  |TAMS 0x0000000084600000, 0x0000000084600000| Untracked 
|  45|0x0000000084700000, 0x0000000084700000, 0x0000000084800000|  0%| F|  |TAMS 0x0000000084700000, 0x0000000084700000| Untracked 
|  46|0x0000000084800000, 0x0000000084800000, 0x0000000084900000|  0%| F|  |TAMS 0x0000000084800000, 0x0000000084800000| Untracked 
|  47|0x0000000084900000, 0x0000000084900000, 0x0000000084a00000|  0%| F|  |TAMS 0x0000000084900000, 0x0000000084900000| Untracked 
|  48|0x0000000084a00000, 0x0000000084a00000, 0x0000000084b00000|  0%| F|  |TAMS 0x0000000084a00000, 0x0000000084a00000| Untracked 
|  49|0x0000000084b00000, 0x0000000084b00000, 0x0000000084c00000|  0%| F|  |TAMS 0x0000000084b00000, 0x0000000084b00000| Untracked 
|  50|0x0000000084c00000, 0x0000000084c00000, 0x0000000084d00000|  0%| F|  |TAMS 0x0000000084c00000, 0x0000000084c00000| Untracked 
|  51|0x0000000084d00000, 0x0000000084d00000, 0x0000000084e00000|  0%| F|  |TAMS 0x0000000084d00000, 0x0000000084d00000| Untracked 
|  52|0x0000000084e00000, 0x0000000084e00000, 0x0000000084f00000|  0%| F|  |TAMS 0x0000000084e00000, 0x0000000084e00000| Untracked 
|  53|0x0000000084f00000, 0x0000000084f00000, 0x0000000085000000|  0%| F|  |TAMS 0x0000000084f00000, 0x0000000084f00000| Untracked 
|  54|0x0000000085000000, 0x0000000085000000, 0x0000000085100000|  0%| F|  |TAMS 0x0000000085000000, 0x0000000085000000| Untracked 
|  55|0x0000000085100000, 0x0000000085100000, 0x0000000085200000|  0%| F|  |TAMS 0x0000000085100000, 0x0000000085100000| Untracked 
|  56|0x0000000085200000, 0x0000000085200000, 0x0000000085300000|  0%| F|  |TAMS 0x0000000085200000, 0x0000000085200000| Untracked 
|  57|0x0000000085300000, 0x0000000085300000, 0x0000000085400000|  0%| F|  |TAMS 0x0000000085300000, 0x0000000085300000| Untracked 
|  58|0x0000000085400000, 0x0000000085400000, 0x0000000085500000|  0%| F|  |TAMS 0x0000000085400000, 0x0000000085400000| Untracked 
|  59|0x0000000085500000, 0x0000000085500000, 0x0000000085600000|  0%| F|  |TAMS 0x0000000085500000, 0x0000000085500000| Untracked 
|  60|0x0000000085600000, 0x0000000085600000, 0x0000000085700000|  0%| F|  |TAMS 0x0000000085600000, 0x0000000085600000| Untracked 
|  61|0x0000000085700000, 0x0000000085700000, 0x0000000085800000|  0%| F|  |TAMS 0x0000000085700000, 0x0000000085700000| Untracked 
|  62|0x0000000085800000, 0x00000000858ebd70, 0x0000000085900000| 92%| S|CS|TAMS 0x0000000085800000, 0x0000000085800000| Complete 
|  63|0x0000000085900000, 0x0000000085a00000, 0x0000000085a00000|100%| S|CS|TAMS 0x0000000085900000, 0x0000000085900000| Complete 
|  64|0x0000000085a00000, 0x0000000085b00000, 0x0000000085b00000|100%| S|CS|TAMS 0x0000000085a00000, 0x0000000085a00000| Complete 
|  65|0x0000000085b00000, 0x0000000085c00000, 0x0000000085c00000|100%| S|CS|TAMS 0x0000000085b00000, 0x0000000085b00000| Complete 
|  66|0x0000000085c00000, 0x0000000085d00000, 0x0000000085d00000|100%| S|CS|TAMS 0x0000000085c00000, 0x0000000085c00000| Complete 
|  67|0x0000000085d00000, 0x0000000085e00000, 0x0000000085e00000|100%| S|CS|TAMS 0x0000000085d00000, 0x0000000085d00000| Complete 
|  68|0x0000000085e00000, 0x0000000085e00000, 0x0000000085f00000|  0%| F|  |TAMS 0x0000000085e00000, 0x0000000085e00000| Untracked 
|  69|0x0000000085f00000, 0x0000000085f00000, 0x0000000086000000|  0%| F|  |TAMS 0x0000000085f00000, 0x0000000085f00000| Untracked 
|  70|0x0000000086000000, 0x0000000086000000, 0x0000000086100000|  0%| F|  |TAMS 0x0000000086000000, 0x0000000086000000| Untracked 
|  71|0x0000000086100000, 0x0000000086100000, 0x0000000086200000|  0%| F|  |TAMS 0x0000000086100000, 0x0000000086100000| Untracked 
|  72|0x0000000086200000, 0x0000000086200000, 0x0000000086300000|  0%| F|  |TAMS 0x0000000086200000, 0x0000000086200000| Untracked 
|  73|0x0000000086300000, 0x0000000086300000, 0x0000000086400000|  0%| F|  |TAMS 0x0000000086300000, 0x0000000086300000| Untracked 
|  74|0x0000000086400000, 0x0000000086400000, 0x0000000086500000|  0%| F|  |TAMS 0x0000000086400000, 0x0000000086400000| Untracked 
|  75|0x0000000086500000, 0x0000000086500000, 0x0000000086600000|  0%| F|  |TAMS 0x0000000086500000, 0x0000000086500000| Untracked 
|  76|0x0000000086600000, 0x0000000086600000, 0x0000000086700000|  0%| F|  |TAMS 0x0000000086600000, 0x0000000086600000| Untracked 
|  77|0x0000000086700000, 0x0000000086700000, 0x0000000086800000|  0%| F|  |TAMS 0x0000000086700000, 0x0000000086700000| Untracked 
|  78|0x0000000086800000, 0x0000000086800000, 0x0000000086900000|  0%| F|  |TAMS 0x0000000086800000, 0x0000000086800000| Untracked 
|  79|0x0000000086900000, 0x0000000086900000, 0x0000000086a00000|  0%| F|  |TAMS 0x0000000086900000, 0x0000000086900000| Untracked 
|  80|0x0000000086a00000, 0x0000000086a00000, 0x0000000086b00000|  0%| F|  |TAMS 0x0000000086a00000, 0x0000000086a00000| Untracked 
|  81|0x0000000086b00000, 0x0000000086b00000, 0x0000000086c00000|  0%| F|  |TAMS 0x0000000086b00000, 0x0000000086b00000| Untracked 
|  82|0x0000000086c00000, 0x0000000086c00000, 0x0000000086d00000|  0%| F|  |TAMS 0x0000000086c00000, 0x0000000086c00000| Untracked 
|  83|0x0000000086d00000, 0x0000000086d00000, 0x0000000086e00000|  0%| F|  |TAMS 0x0000000086d00000, 0x0000000086d00000| Untracked 
|  84|0x0000000086e00000, 0x0000000086e00000, 0x0000000086f00000|  0%| F|  |TAMS 0x0000000086e00000, 0x0000000086e00000| Untracked 
|  85|0x0000000086f00000, 0x0000000086f00000, 0x0000000087000000|  0%| F|  |TAMS 0x0000000086f00000, 0x0000000086f00000| Untracked 
|  86|0x0000000087000000, 0x0000000087000000, 0x0000000087100000|  0%| F|  |TAMS 0x0000000087000000, 0x0000000087000000| Untracked 
|  87|0x0000000087100000, 0x0000000087100000, 0x0000000087200000|  0%| F|  |TAMS 0x0000000087100000, 0x0000000087100000| Untracked 
|  88|0x0000000087200000, 0x0000000087200000, 0x0000000087300000|  0%| F|  |TAMS 0x0000000087200000, 0x0000000087200000| Untracked 
|  89|0x0000000087300000, 0x0000000087300000, 0x0000000087400000|  0%| F|  |TAMS 0x0000000087300000, 0x0000000087300000| Untracked 
|  90|0x0000000087400000, 0x0000000087400000, 0x0000000087500000|  0%| F|  |TAMS 0x0000000087400000, 0x0000000087400000| Untracked 
|  91|0x0000000087500000, 0x0000000087500000, 0x0000000087600000|  0%| F|  |TAMS 0x0000000087500000, 0x0000000087500000| Untracked 
|  92|0x0000000087600000, 0x0000000087600000, 0x0000000087700000|  0%| F|  |TAMS 0x0000000087600000, 0x0000000087600000| Untracked 
|  93|0x0000000087700000, 0x0000000087700000, 0x0000000087800000|  0%| F|  |TAMS 0x0000000087700000, 0x0000000087700000| Untracked 
|  94|0x0000000087800000, 0x0000000087800000, 0x0000000087900000|  0%| F|  |TAMS 0x0000000087800000, 0x0000000087800000| Untracked 
|  95|0x0000000087900000, 0x0000000087900000, 0x0000000087a00000|  0%| F|  |TAMS 0x0000000087900000, 0x0000000087900000| Untracked 
|  96|0x0000000087a00000, 0x0000000087a00000, 0x0000000087b00000|  0%| F|  |TAMS 0x0000000087a00000, 0x0000000087a00000| Untracked 
|  97|0x0000000087b00000, 0x0000000087b00000, 0x0000000087c00000|  0%| F|  |TAMS 0x0000000087b00000, 0x0000000087b00000| Untracked 
|  98|0x0000000087c00000, 0x0000000087c00000, 0x0000000087d00000|  0%| F|  |TAMS 0x0000000087c00000, 0x0000000087c00000| Untracked 
|  99|0x0000000087d00000, 0x0000000087d00000, 0x0000000087e00000|  0%| F|  |TAMS 0x0000000087d00000, 0x0000000087d00000| Untracked 
| 100|0x0000000087e00000, 0x0000000087e00000, 0x0000000087f00000|  0%| F|  |TAMS 0x0000000087e00000, 0x0000000087e00000| Untracked 
| 101|0x0000000087f00000, 0x0000000087f00000, 0x0000000088000000|  0%| F|  |TAMS 0x0000000087f00000, 0x0000000087f00000| Untracked 
| 102|0x0000000088000000, 0x0000000088000000, 0x0000000088100000|  0%| F|  |TAMS 0x0000000088000000, 0x0000000088000000| Untracked 
| 103|0x0000000088100000, 0x0000000088100000, 0x0000000088200000|  0%| F|  |TAMS 0x0000000088100000, 0x0000000088100000| Untracked 
| 104|0x0000000088200000, 0x0000000088200000, 0x0000000088300000|  0%| F|  |TAMS 0x0000000088200000, 0x0000000088200000| Untracked 
| 105|0x0000000088300000, 0x0000000088300000, 0x0000000088400000|  0%| F|  |TAMS 0x0000000088300000, 0x0000000088300000| Untracked 
| 106|0x0000000088400000, 0x0000000088400000, 0x0000000088500000|  0%| F|  |TAMS 0x0000000088400000, 0x0000000088400000| Untracked 
| 107|0x0000000088500000, 0x0000000088500000, 0x0000000088600000|  0%| F|  |TAMS 0x0000000088500000, 0x0000000088500000| Untracked 
| 108|0x0000000088600000, 0x0000000088600000, 0x0000000088700000|  0%| F|  |TAMS 0x0000000088600000, 0x0000000088600000| Untracked 
| 109|0x0000000088700000, 0x0000000088800000, 0x0000000088800000|100%| E|  |TAMS 0x0000000088700000, 0x0000000088700000| Complete 
| 110|0x0000000088800000, 0x0000000088900000, 0x0000000088900000|100%| E|CS|TAMS 0x0000000088800000, 0x0000000088800000| Complete 
| 111|0x0000000088900000, 0x0000000088a00000, 0x0000000088a00000|100%| E|CS|TAMS 0x0000000088900000, 0x0000000088900000| Complete 
| 112|0x0000000088a00000, 0x0000000088b00000, 0x0000000088b00000|100%| E|CS|TAMS 0x0000000088a00000, 0x0000000088a00000| Complete 
| 113|0x0000000088b00000, 0x0000000088c00000, 0x0000000088c00000|100%| E|CS|TAMS 0x0000000088b00000, 0x0000000088b00000| Complete 
| 114|0x0000000088c00000, 0x0000000088d00000, 0x0000000088d00000|100%| E|CS|TAMS 0x0000000088c00000, 0x0000000088c00000| Complete 
| 115|0x0000000088d00000, 0x0000000088e00000, 0x0000000088e00000|100%| E|CS|TAMS 0x0000000088d00000, 0x0000000088d00000| Complete 
| 116|0x0000000088e00000, 0x0000000088f00000, 0x0000000088f00000|100%| E|CS|TAMS 0x0000000088e00000, 0x0000000088e00000| Complete 
| 117|0x0000000088f00000, 0x0000000089000000, 0x0000000089000000|100%| E|CS|TAMS 0x0000000088f00000, 0x0000000088f00000| Complete 
| 118|0x0000000089000000, 0x0000000089100000, 0x0000000089100000|100%| E|CS|TAMS 0x0000000089000000, 0x0000000089000000| Complete 
| 119|0x0000000089100000, 0x0000000089200000, 0x0000000089200000|100%| E|CS|TAMS 0x0000000089100000, 0x0000000089100000| Complete 
| 120|0x0000000089200000, 0x0000000089300000, 0x0000000089300000|100%| E|CS|TAMS 0x0000000089200000, 0x0000000089200000| Complete 
| 121|0x0000000089300000, 0x0000000089400000, 0x0000000089400000|100%| E|CS|TAMS 0x0000000089300000, 0x0000000089300000| Complete 
| 122|0x0000000089400000, 0x0000000089500000, 0x0000000089500000|100%| E|CS|TAMS 0x0000000089400000, 0x0000000089400000| Complete 
| 123|0x0000000089500000, 0x0000000089600000, 0x0000000089600000|100%| E|CS|TAMS 0x0000000089500000, 0x0000000089500000| Complete 
| 124|0x0000000089600000, 0x0000000089700000, 0x0000000089700000|100%| E|CS|TAMS 0x0000000089600000, 0x0000000089600000| Complete 
| 125|0x0000000089700000, 0x0000000089800000, 0x0000000089800000|100%| E|CS|TAMS 0x0000000089700000, 0x0000000089700000| Complete 
| 126|0x0000000089800000, 0x0000000089900000, 0x0000000089900000|100%| E|CS|TAMS 0x0000000089800000, 0x0000000089800000| Complete 
| 127|0x0000000089900000, 0x0000000089a00000, 0x0000000089a00000|100%| E|CS|TAMS 0x0000000089900000, 0x0000000089900000| Complete 

Card table byte_map: [0x000001e2fa370000,0x000001e2fa770000] _byte_map_base: 0x000001e2f9f63000

Marking Bits (Prev, Next): (CMBitMap*) 0x000001e2f18021d0, (CMBitMap*) 0x000001e2f1802198
 Prev Bits: [0x000001e2fcb10000, 0x000001e2feaa8000)
 Next Bits: [0x000001e2fab70000, 0x000001e2fcb08000)

Polling page: 0x000001e2ef600000

Metaspace:

Usage:
  Non-class:     22.37 MB capacity,    22.18 MB (>99%) used,   151.75 KB ( <1%) free+waste,    38.50 KB ( <1%) overhead. 
      Class:      2.95 MB capacity,     2.79 MB ( 94%) used,   151.41 KB (  5%) free+waste,    16.81 KB ( <1%) overhead. 
       Both:     25.32 MB capacity,    24.97 MB ( 99%) used,   303.16 KB (  1%) free+waste,    55.31 KB ( <1%) overhead. 

Virtual space:
  Non-class space:       24.00 MB reserved,      22.42 MB ( 93%) committed 
      Class space:        1.00 GB reserved,       3.00 MB ( <1%) committed 
             Both:        1.02 GB reserved,      25.42 MB (  2%) committed 

Chunk freelists:
   Non-Class:  6.75 KB
       Class:  2.38 KB
        Both:  9.13 KB

CodeHeap 'non-profiled nmethods': size=120000Kb used=677Kb max_used=677Kb free=119322Kb
 bounds [0x000001e287ad0000, 0x000001e287d40000, 0x000001e28f000000]
CodeHeap 'profiled nmethods': size=120000Kb used=3215Kb max_used=3215Kb free=116784Kb
 bounds [0x000001e2805a0000, 0x000001e2808d0000, 0x000001e287ad0000]
CodeHeap 'non-nmethods': size=5760Kb used=1175Kb max_used=1189Kb free=4584Kb
 bounds [0x000001e280000000, 0x000001e280270000, 0x000001e2805a0000]
 total_blobs=2216 nmethods=1690 adapters=438
 compilation: enabled
              stopped_count=0, restarted_count=0
 full_count=0

Compilation events (10 events):
Event: 2.141 Thread 0x000001e2ff534800 1647       4       sun.security.provider.SHA2::lf_maj (12 bytes)
Event: 2.141 Thread 0x000001e2ff534800 nmethod 1647 0x000001e287b72f90 code [0x000001e287b73100, 0x000001e287b73158]
Event: 2.142 Thread 0x000001e2ff534800 1649       4       java.util.jar.JarFile::getEntry (22 bytes)
Event: 2.162 Thread 0x000001e2ff539000 1652   !   3       sun.reflect.annotation.AnnotationParser::parseAnnotations (37 bytes)
Event: 2.163 Thread 0x000001e2ff539000 nmethod 1652 0x000001e2808b1790 code [0x000001e2808b1980, 0x000001e2808b1cf0]
Event: 2.163 Thread 0x000001e2ff534800 nmethod 1649 0x000001e287b73410 code [0x000001e287b736c0, 0x000001e287b74918]
Event: 2.163 Thread 0x000001e2ff534800 1651       4       jdk.internal.org.objectweb.asm.ClassWriter::put (152 bytes)
Event: 2.166 Thread 0x000001e2ff534800 nmethod 1651 0x000001e287b75110 code [0x000001e287b752a0, 0x000001e287b75578]
Event: 2.167 Thread 0x000001e2ff539000 1653   !   3       jdk.internal.loader.BuiltinClassLoader$2::run (114 bytes)
Event: 2.167 Thread 0x000001e2ff534800 1654       4       jdk.internal.jimage.ImageStringsReader::charsFromByteBuffer (186 bytes)

GC Heap History (4 events):
Event: 0.459 GC heap before
{Heap before GC invocations=0 (full 0):
 garbage-first heap   total 131072K, used 24576K [0x0000000081a00000, 0x0000000100000000)
  region size 1024K, 24 young (24576K), 0 survivors (0K)
 Metaspace       used 7449K, capacity 7589K, committed 7680K, reserved 1056768K
  class space    used 676K, capacity 741K, committed 768K, reserved 1048576K
}
Event: 0.467 GC heap after
{Heap after GC invocations=1 (full 0):
 garbage-first heap   total 131072K, used 3157K [0x0000000081a00000, 0x0000000100000000)
  region size 1024K, 3 young (3072K), 3 survivors (3072K)
 Metaspace       used 7449K, capacity 7589K, committed 7680K, reserved 1056768K
  class space    used 676K, capacity 741K, committed 768K, reserved 1048576K
}
Event: 1.844 GC heap before
{Heap before GC invocations=1 (full 0):
 garbage-first heap   total 131072K, used 59477K [0x0000000081a00000, 0x0000000100000000)
  region size 1024K, 60 young (61440K), 3 survivors (3072K)
 Metaspace       used 20846K, capacity 21177K, committed 21296K, reserved 1069056K
  class space    used 2275K, capacity 2398K, committed 2432K, reserved 1048576K
}
Event: 1.851 GC heap after
{Heap after GC invocations=2 (full 0):
 garbage-first heap   total 131072K, used 7087K [0x0000000081a00000, 0x0000000100000000)
  region size 1024K, 6 young (6144K), 6 survivors (6144K)
 Metaspace       used 20846K, capacity 21177K, committed 21296K, reserved 1069056K
  class space    used 2275K, capacity 2398K, committed 2432K, reserved 1048576K
}

Deoptimization events (10 events):
Event: 1.818 Thread 0x000001e2f17c7800 Uncommon trap: reason=unstable_if action=reinterpret pc=0x000001e287b28524 method=java.util.jar.JarFile.checkForSpecialAttributes()V @ 4 c2
Event: 1.858 Thread 0x000001e2f17c7800 Uncommon trap: reason=unstable_if action=reinterpret pc=0x000001e287b1b6f4 method=java.lang.String.startsWith(Ljava/lang/String;I)Z @ 46 c2
Event: 1.879 Thread 0x000001e2f17c7800 Uncommon trap: reason=bimorphic_or_optimized_type_check action=maybe_recompile pc=0x000001e287b4e164 method=org.hsqldb.map.BaseHashMap.getLookup(Ljava/lang/Object;I)I @ 24 c2
Event: 1.879 Thread 0x000001e2f17c7800 Uncommon trap: reason=bimorphic_or_optimized_type_check action=maybe_recompile pc=0x000001e287b4e164 method=org.hsqldb.map.BaseHashMap.getLookup(Ljava/lang/Object;I)I @ 24 c2
Event: 1.879 Thread 0x000001e2f17c7800 Uncommon trap: reason=bimorphic_or_optimized_type_check action=maybe_recompile pc=0x000001e287b4e164 method=org.hsqldb.map.BaseHashMap.getLookup(Ljava/lang/Object;I)I @ 24 c2
Event: 1.879 Thread 0x000001e2f17c7800 Uncommon trap: reason=bimorphic_or_optimized_type_check action=maybe_recompile pc=0x000001e287b4e164 method=org.hsqldb.map.BaseHashMap.getLookup(Ljava/lang/Object;I)I @ 24 c2
Event: 1.888 Thread 0x000001e2f17c7800 Uncommon trap: reason=unstable_if action=reinterpret pc=0x000001e287b5075c method=java.net.URLStreamHandler.parseURL(Ljava/net/URL;Ljava/lang/String;II)V @ 143 c2
Event: 1.898 Thread 0x000001e2f17c7800 Uncommon trap: reason=unstable_if action=reinterpret pc=0x000001e287b59ae0 method=org.hsqldb.map.BaseHashMap.addOrRemove(JJLjava/lang/Object;Ljava/lang/Object;Z)Ljava/lang/Object; @ 108 c2
Event: 1.925 Thread 0x000001e2f17c7800 Uncommon trap: reason=unstable_if action=reinterpret pc=0x000001e287b2d7a0 method=java.lang.StringLatin1.regionMatchesCI([BI[BII)Z @ 66 c2
Event: 2.048 Thread 0x000001e2f17c7800 Uncommon trap: reason=unstable_if action=reinterpret pc=0x000001e287b2e730 method=sun.reflect.generics.parser.SignatureParser.current()C @ 39 c2

Classes redefined (0 events):
No events

Internal exceptions (10 events):
Event: 0.574 Thread 0x000001e2f17c7800 Exception <a 'java/lang/NoSuchMethodError'{0x000000008863f388}: java.lang.invoke.DirectMethodHandle$Holder.invokeSpecialIFC(Ljava/lang/Object;Ljava/lang/Object;I)I> (0x000000008863f388) thrown at [./open/src/hotspot/share/interpreter/linkResolver.cpp, lin
Event: 0.802 Thread 0x000001e2f17c7800 Exception <a 'java/lang/NoSuchMethodError'{0x0000000087d602b0}: java.lang.invoke.DirectMethodHandle$Holder.invokeStatic(Ljava/lang/Object;ILjava/lang/Object;)Ljava/lang/Object;> (0x0000000087d602b0) thrown at [./open/src/hotspot/share/interpreter/linkReso
Event: 1.239 Thread 0x000001e2f17c7800 Exception <a 'java/lang/NoSuchMethodError'{0x0000000086f914e0}: java.lang.invoke.DirectMethodHandle$Holder.invokeStaticInit(Ljava/lang/Object;IIII)Ljava/lang/Object;> (0x0000000086f914e0) thrown at [./open/src/hotspot/share/interpreter/linkResolver.cpp, l
Event: 1.437 Thread 0x000001e2f17c7800 Exception <a 'java/lang/NoSuchMethodError'{0x0000000086fbde00}: java.lang.invoke.DirectMethodHandle$Holder.invokeStaticInit(Ljava/lang/Object;Ljava/lang/Object;IIII)Ljava/lang/Object;> (0x0000000086fbde00) thrown at [./open/src/hotspot/share/interpreter/l
Event: 1.579 Thread 0x000001e2f17c7800 Exception <a 'java/lang/NoSuchMethodError'{0x0000000086ad8b40}: java.lang.invoke.DirectMethodHandle$Holder.invokeStatic(Ljava/lang/Object;Ljava/lang/Object;Ljava/lang/Object;Ljava/lang/Object;Ljava/lang/Object;Ljava/lang/Object;Ljava/lang/Object;Ljava/lan
Event: 1.580 Thread 0x000001e2f17c7800 Exception <a 'java/lang/NoSuchMethodError'{0x0000000086ae6998}: java.lang.invoke.DirectMethodHandle$Holder.invokeStatic(Ljava/lang/Object;Ljava/lang/Object;Ljava/lang/Object;Ljava/lang/Object;Ljava/lang/Object;Ljava/lang/Object;Ljava/lang/Object;Ljava/lan
Event: 1.581 Thread 0x000001e2f17c7800 Exception <a 'java/lang/NoSuchMethodError'{0x0000000086af48a8}: java.lang.invoke.DirectMethodHandle$Holder.invokeSpecial(Ljava/lang/Object;Ljava/lang/Object;IILjava/lang/Object;Ljava/lang/Object;Ljava/lang/Object;)Ljava/lang/Object;> (0x0000000086af48a8) 
Event: 1.581 Thread 0x000001e2f17c7800 Exception <a 'java/lang/NoSuchMethodError'{0x0000000086af80d8}: java.lang.invoke.DelegatingMethodHandle$Holder.reinvoke_L(Ljava/lang/Object;IILjava/lang/Object;Ljava/lang/Object;Ljava/lang/Object;)Ljava/lang/Object;> (0x0000000086af80d8) thrown at [./open
Event: 1.582 Thread 0x000001e2f17c7800 Exception <a 'java/lang/NoSuchMethodError'{0x0000000086afc708}: java.lang.invoke.DirectMethodHandle$Holder.invokeStatic(Ljava/lang/Object;Ljava/lang/Object;Ljava/lang/Object;Ljava/lang/Object;I)Ljava/lang/Object;> (0x0000000086afc708) thrown at [./open/sr
Event: 2.160 Thread 0x000001e2f17c7800 Exception <a 'java/lang/NoSuchMethodError'{0x0000000088b19740}: java.lang.invoke.DirectMethodHandle$Holder.newInvokeSpecial(Ljava/lang/Object;Ljava/lang/Object;ILjava/lang/Object;Ljava/lang/Object;)Ljava/lang/Object;> (0x0000000088b19740) thrown at [./ope

Events (10 events):
Event: 2.166 loading class org/hibernate/cache/spi/CacheImplementor
Event: 2.166 loading class org/hibernate/cache/spi/CacheImplementor done
Event: 2.166 loading class org/hibernate/engine/spi/CacheImplementor
Event: 2.166 loading class org/hibernate/engine/spi/CacheImplementor done
Event: 2.167 loading class org/hibernate/engine/query/spi/NativeQueryInterpreterInitiator
Event: 2.167 loading class org/hibernate/engine/query/spi/NativeQueryInterpreterInitiator done
Event: 2.167 loading class org/hibernate/engine/query/spi/NativeQueryInterpreter
Event: 2.167 loading class org/hibernate/engine/query/spi/NativeQueryInterpreter done
Event: 2.167 loading class org/hibernate/service/spi/SessionFactoryServiceContributor
Event: 2.167 loading class org/hibernate/service/spi/SessionFactoryServiceContributor done


Dynamic libraries:
0x00007ff7fde10000 - 0x00007ff7fde1f000 	C:\Program Files\Java\jdk-11.0.9\bin\java.exe
0x00007ffb6df70000 - 0x00007ffb6e150000 	C:\Windows\SYSTEM32\ntdll.dll
0x00007ffb6c140000 - 0x00007ffb6c1ee000 	C:\Windows\System32\KERNEL32.DLL
0x00007ffb6a530000 - 0x00007ffb6a796000 	C:\Windows\System32\KERNELBASE.dll
0x00007ffb6b170000 - 0x00007ffb6b264000 	C:\Windows\System32\ucrtbase.dll
0x00007ffb4dfd0000 - 0x00007ffb4dfe5000 	C:\Program Files\Java\jdk-11.0.9\bin\VCRUNTIME140.dll
0x00007ffb4dff0000 - 0x00007ffb4e008000 	C:\Program Files\Java\jdk-11.0.9\bin\jli.dll
0x00007ffb6d940000 - 0x00007ffb6d9e1000 	C:\Windows\System32\ADVAPI32.dll
0x00007ffb6bb70000 - 0x00007ffb6bc0d000 	C:\Windows\System32\msvcrt.dll
0x00007ffb6d870000 - 0x00007ffb6d8cb000 	C:\Windows\System32\sechost.dll
0x00007ffb6bc10000 - 0x00007ffb6bd2f000 	C:\Windows\System32\RPCRT4.dll
0x00007ffb6bea0000 - 0x00007ffb6c02f000 	C:\Windows\System32\USER32.dll
0x00007ffb6a420000 - 0x00007ffb6a440000 	C:\Windows\System32\win32u.dll
0x00007ffb6dee0000 - 0x00007ffb6df08000 	C:\Windows\System32\GDI32.dll
0x00007ffb6af70000 - 0x00007ffb6b103000 	C:\Windows\System32\gdi32full.dll
0x00007ffb6a440000 - 0x00007ffb6a4db000 	C:\Windows\System32\msvcp_win.dll
0x00007ffb4d4e0000 - 0x00007ffb4d749000 	C:\Windows\WinSxS\amd64_microsoft.windows.common-controls_6595b64144ccf1df_6.0.16299.1087_none_0f9074b65a6589b7\COMCTL32.dll
0x00007ffb6b4c0000 - 0x00007ffb6b7c6000 	C:\Windows\System32\combase.dll
0x00007ffb6aef0000 - 0x00007ffb6af62000 	C:\Windows\System32\bcryptPrimitives.dll
0x00007ffb69e80000 - 0x00007ffb69e8a000 	C:\Windows\SYSTEM32\VERSION.dll
0x00007ffb6df10000 - 0x00007ffb6df3d000 	C:\Windows\System32\IMM32.DLL
0x00007ffb4de70000 - 0x00007ffb4df0b000 	C:\Program Files\Java\jdk-11.0.9\bin\msvcp140.dll
0x00007ffb4b860000 - 0x00007ffb4c357000 	C:\Program Files\Java\jdk-11.0.9\bin\server\jvm.dll
0x00007ffb6da80000 - 0x00007ffb6da88000 	C:\Windows\System32\PSAPI.DLL
0x00007ffb53210000 - 0x00007ffb53219000 	C:\Windows\SYSTEM32\WSOCK32.dll
0x00007ffb6d7a0000 - 0x00007ffb6d80c000 	C:\Windows\System32\WS2_32.dll
0x00007ffb67f00000 - 0x00007ffb67f23000 	C:\Windows\SYSTEM32\WINMM.dll
0x00007ffb67e90000 - 0x00007ffb67eba000 	C:\Windows\SYSTEM32\winmmbase.dll
0x00007ffb6a4e0000 - 0x00007ffb6a52a000 	C:\Windows\System32\cfgmgr32.dll
0x00007ffb6a2c0000 - 0x00007ffb6a2d1000 	C:\Windows\System32\kernel.appcore.dll
0x00007ffb4dfb0000 - 0x00007ffb4dfc0000 	C:\Program Files\Java\jdk-11.0.9\bin\verify.dll
0x00007ffb66750000 - 0x00007ffb66918000 	C:\Windows\SYSTEM32\DBGHELP.DLL
0x00007ffb56040000 - 0x00007ffb56069000 	C:\Windows\SYSTEM32\dbgcore.DLL
0x00007ffb4df80000 - 0x00007ffb4dfa8000 	C:\Program Files\Java\jdk-11.0.9\bin\java.dll
0x00007ffb4df60000 - 0x00007ffb4df6a000 	C:\Program Files\Java\jdk-11.0.9\bin\jimage.dll
0x00007ffb55e20000 - 0x00007ffb55e2e000 	C:\Program Files\Java\jdk-11.0.9\bin\instrument.dll
0x00007ffb4de50000 - 0x00007ffb4de66000 	C:\Program Files\Java\jdk-11.0.9\bin\zip.dll
0x00007ffb6c360000 - 0x00007ffb6d798000 	C:\Windows\System32\SHELL32.dll
0x00007ffb6b7d0000 - 0x00007ffb6b876000 	C:\Windows\System32\shcore.dll
0x00007ffb6a7a0000 - 0x00007ffb6aee7000 	C:\Windows\System32\windows.storage.dll
0x00007ffb6da00000 - 0x00007ffb6da51000 	C:\Windows\System32\shlwapi.dll
0x00007ffb6a300000 - 0x00007ffb6a34c000 	C:\Windows\System32\powrprof.dll
0x00007ffb6a350000 - 0x00007ffb6a36b000 	C:\Windows\System32\profapi.dll
0x00007ffb479e0000 - 0x00007ffb479f9000 	C:\Program Files\Java\jdk-11.0.9\bin\net.dll
0x00007ffb5fdf0000 - 0x00007ffb5fece000 	C:\Windows\SYSTEM32\WINHTTP.dll
0x00007ffb69a80000 - 0x00007ffb69ae6000 	C:\Windows\system32\mswsock.dll
0x00007ffb479c0000 - 0x00007ffb479d2000 	C:\Program Files\Java\jdk-11.0.9\bin\nio.dll
0x00007ffb3a450000 - 0x00007ffb3a46a000 	C:\Program Files\JetBrains\IntelliJ IDEA 2018.3.6\bin\breakgen64.dll
0x00007ffb69c40000 - 0x00007ffb69c57000 	C:\Windows\SYSTEM32\CRYPTSP.dll
0x00007ffb69680000 - 0x00007ffb696b3000 	C:\Windows\system32\rsaenh.dll
0x00007ffb69d50000 - 0x00007ffb69d75000 	C:\Windows\SYSTEM32\bcrypt.dll
0x00007ffb6a1c0000 - 0x00007ffb6a1e9000 	C:\Windows\SYSTEM32\USERENV.dll
0x00007ffb69c60000 - 0x00007ffb69c6b000 	C:\Windows\SYSTEM32\CRYPTBASE.dll
0x00007ffb69810000 - 0x00007ffb69849000 	C:\Windows\SYSTEM32\IPHLPAPI.DLL
0x00007ffb6d8d0000 - 0x00007ffb6d8d8000 	C:\Windows\System32\NSI.dll
0x00007ffb63ec0000 - 0x00007ffb63ed6000 	C:\Windows\SYSTEM32\dhcpcsvc6.DLL
0x00007ffb64250000 - 0x00007ffb6426a000 	C:\Windows\SYSTEM32\dhcpcsvc.DLL

dbghelp: loaded successfully - version: 4.0.5 - missing functions: none
symbol engine: initialized successfully - sym options: 0x614 - pdb path: .;C:\Program Files\Java\jdk-11.0.9\bin;C:\Windows\SYSTEM32;C:\Windows\WinSxS\amd64_microsoft.windows.common-controls_6595b64144ccf1df_6.0.16299.1087_none_0f9074b65a6589b7;C:\Program Files\Java\jdk-11.0.9\bin\server;C:\Program Files\JetBrains\IntelliJ IDEA 2018.3.6\bin

VM Arguments:
jvm_args: -ea -Didea.test.cyclic.buffer.size=1048576 -javaagent:C:\Program Files\JetBrains\IntelliJ IDEA 2018.3.6\lib\idea_rt.jar=54355:C:\Program Files\JetBrains\IntelliJ IDEA 2018.3.6\bin -Dfile.encoding=UTF-8 
java_command: com.intellij.rt.execution.junit.JUnitStarter -ideVersion5 @w@C:\Users\Юлия\AppData\Local\Temp\idea_working_dirs_junit.tmp @C:\Users\Юлия\AppData\Local\Temp\idea_junit.tmp -socket54354
java_class_path (initial): C:\Program Files\JetBrains\IntelliJ IDEA 2018.3.6\lib\idea_rt.jar;C:\Program Files\JetBrains\IntelliJ IDEA 2018.3.6\plugins\junit\lib\junit-rt.jar;C:\Program Files\JetBrains\IntelliJ IDEA 2018.3.6\plugins\junit\lib\junit5-rt.jar;D:\mateStudy\idea-projects\hibernate-relations-hw\target\test-classes;D:\mateStudy\idea-projects\hibernate-relations-hw\target\classes;C:\Users\Юлия\.m2\repository\junit\junit\4.12\junit-4.12.jar;C:\Users\Юлия\.m2\repository\org\hamcrest\hamcrest-core\1.3\hamcrest-core-1.3.jar;C:\Users\Юлия\.m2\repository\org\hsqldb\hsqldb\2.3.4\hsqldb-2.3.4.jar;C:\Users\Юлия\.m2\repository\org\hibernate\hibernate-core\5.5.7.Final\hibernate-core-5.5.7.Final.jar;C:\Users\Юлия\.m2\repository\org\jboss\logging\jboss-logging\3.4.2.Final\jboss-logging-3.4.2.Final.jar;C:\Users\Юлия\.m2\repository\javax\persistence\javax.persistence-api\2.2\javax.persistence-api-2.2.jar;C:\Users\Юлия\.m2\repository\org\javassist\javassist\3.27.0-GA\javassist-3.27.0-GA.jar;C:\Users\Юлия\.m2\repository\net\bytebuddy\byte-buddy\1.11.12\byte-buddy-1.11.12.jar;C:\Users\Юлия\.m2\repository\antlr\antlr\2.7.7\antlr-2.7.7.jar;C:\Users\Юлия\.m2\repository\org\jboss\spec\javax\transaction\jboss-transaction-api_1.2_spec\1.1.1.Final\jboss-transaction-api_1.2_spec-1.1.1.Final.jar;C:\Users\Юлия\.m2\repository\org\jboss\jandex\2.2.3.Final\jandex-2.2.3.Final.jar;C:\Users\Юлия\.m2\repository\com\fasterxml\classmate\1.5.1\classmate-1.5.1.jar;C:\Users\Юлия\.m2\repository\javax\activation\javax.activation-api\1.2.0\javax.activation-api-1.2.0.jar;C:\Users\Юлия\.m2\repository\org\hibernate\common\hibernate-commons-annotations\5.1.2.Final\hibernate-commons-annotations-5.1.2.Final.jar;C:\Users\Юлия\.m2\repository\javax\xml\bind\jaxb-api\2.3.1\jaxb-api-2.3.1.jar;C:\Users\Юлия\.m2\repository\org\glassfish\jaxb\jaxb-runtime\2.3.1\jaxb-runtime-2.3.1.jar;C:\Users\Юлия\.m2\repository\org\glassfish\jaxb\txw2\2.3.1\txw2-2.3.1.jar;C:\Users\Юлия\.m2\repository\com\sun\istack\istack-commo
Launcher Type: SUN_STANDARD

[Global flags]
     intx CICompilerCount                          = 4                                         {product} {ergonomic}
     uint ConcGCThreads                            = 2                                         {product} {ergonomic}
     uint G1ConcRefinementThreads                  = 8                                         {product} {ergonomic}
   size_t G1HeapRegionSize                         = 1048576                                   {product} {ergonomic}
    uintx GCDrainStackTargetSize                   = 64                                        {product} {ergonomic}
   size_t InitialHeapSize                          = 134217728                                 {product} {ergonomic}
   size_t MarkStackSize                            = 4194304                                   {product} {ergonomic}
   size_t MaxHeapSize                              = 2120220672                                {product} {ergonomic}
   size_t MaxNewSize                               = 1271922688                                {product} {ergonomic}
   size_t MinHeapDeltaBytes                        = 1048576                                   {product} {ergonomic}
    uintx NonNMethodCodeHeapSize                   = 5836300                                {pd product} {ergonomic}
    uintx NonProfiledCodeHeapSize                  = 122910970                              {pd product} {ergonomic}
    uintx ProfiledCodeHeapSize                     = 122910970                              {pd product} {ergonomic}
    uintx ReservedCodeCacheSize                    = 251658240                              {pd product} {ergonomic}
     bool SegmentedCodeCache                       = true                                      {product} {ergonomic}
     bool UseCompressedClassPointers               = true                                 {lp64_product} {ergonomic}
     bool UseCompressedOops                        = true                                 {lp64_product} {ergonomic}
     bool UseG1GC                                  = true                                      {product} {ergonomic}
     bool UseLargePagesIndividualAllocation        = false                                  {pd product} {ergonomic}

Logging:
Log output configuration:
 #0: stdout all=warning uptime,level,tags
 #1: stderr all=off uptime,level,tags

Environment Variables:
JAVA_HOME=C:\Program Files\Java\jdk-11.0.9
PATH=C:\Windows\system32;C:\Windows;C:\Windows\System32\Wbem;C:\Windows\System32\WindowsPowerShell\v1.0\;%M2_HOME%\bin;C:\Program Files\Maven\apache-maven-3.5.0\bin;C:\Program Files\Git\cmd;C:\Program Files (x86)\QuickTime\QTSystem\;C:\Program Files\Java\jdk-11.0.9\bin\;C:\Program Files\MySQL\MySQL Shell 8.0\bin\;C:\Users\Юлия\AppData\Local\Microsoft\WindowsApps;C:\Program Files\Jenkins;;C:\Users\Юлия\AppData\Local\Programs\Microsoft VS Code\bin;C:\Program Files\JetBrains\IntelliJ IDEA 2021.2.3\bin;
USERNAME=Юлия
OS=Windows_NT
PROCESSOR_IDENTIFIER=Intel64 Family 6 Model 142 Stepping 10, GenuineIntel



---------------  S Y S T E M  ---------------

OS: Windows 10 , 64 bit Build 16299 (10.0.16299.1087)

CPU:total 8 (initial active 8) (4 cores per cpu, 2 threads per core) family 6 model 142 stepping 10, cmov, cx8, fxsr, mmx, sse, sse2, sse3, ssse3, sse4.1, sse4.2, popcnt, avx, avx2, aes, clmul, erms, 3dnowpref, lzcnt, ht, tsc, tscinvbit, bmi1, bmi2, adx, fma

Memory: 4k page, system-wide physical 8087M (467M free)
TotalPageFile size 21351M (AvailPageFile size 1M)
current process WorkingSet (physical memory assigned to process): 143M, peak: 143M
current process commit charge ("private bytes"): 247M, peak: 247M

vm_info: Java HotSpot(TM) 64-Bit Server VM (11.0.9+7-LTS) for windows-amd64 JRE (11.0.9+7-LTS), built on Sep 15 2020 16:47:03 by "mach5one" with MS VC++ 15.9 (VS2017)

END.
