[2024/05/13 17:57:33.136, java.exe (PID: 28684, TID: 8572), JavaEnvironment.cpp:502 (JavaEnvironment::detect)]
	TRACE: Entering JavaEnvironment::detect
[2024/05/13 17:57:33.146, java.exe (PID: 28684, TID: 8572), JavaEnvironment.cpp:519 (JavaEnvironment::detect)]
	TRACE: Installed Java detected: version=; arch=64; productCode={701CE19D-1741-5258-9CD3-D5DDD1A6DEDE}; type=1
[2024/05/13 17:57:33.146, java.exe (PID: 28684, TID: 8572), JavaEnvironment.cpp:135 (`anonymous-namespace'::detectHomeDir)]
	TRACE: Find home dir of {701CE19D-1741-5258-9CD3-D5DDD1A6DEDE} Java installation
[2024/05/13 17:57:33.146, java.exe (PID: 28684, TID: 8572), JavaEnvironment.cpp:302 (`anonymous-namespace'::detectFullVersion)]
	TRACE: Detect full version of {701CE19D-1741-5258-9CD3-D5DDD1A6DEDE} Java installation
[2024/05/13 17:57:33.146, java.exe (PID: 28684, TID: 8572), JavaEnvironment.cpp:213 (`anonymous-namespace'::detectFullVersionFromMsi)]
	TRACE: detectFullVersionFromMsi({701CE19D-1741-5258-9CD3-D5DDD1A6DEDE})
[2024/05/13 17:57:33.156, java.exe (PID: 28684, TID: 8572), JavaEnvironment.cpp:481 (`anonymous-namespace'::getInstalledJava)]
	TRACE: InstalledJava(11.0.20+9|11.0.20+9|JDK|64bit|C:\Program Files\Java\jdk-11|{701CE19D-1741-5258-9CD3-D5DDD1A6DEDE}|-10|)
[2024/05/13 17:57:33.156, java.exe (PID: 28684, TID: 8572), JavaEnvironment.cpp:0 (JavaEnvironment::detect)]
	TRACE: Exiting JavaEnvironment::detect (entered at JavaEnvironment.cpp:502)
[2024/05/13 17:57:33.166, java.exe (PID: 28684, TID: 8572), Executor.cpp:602 (Executor2::startProcess)]
	TRACE: CreateProcess(C:\Program Files\Java\jdk-11\bin\java.exe, "C:\\Program Files\\Java\\jdk-11\\bin\\java.exe" -classpath C:\\Users\\Олегович\\Desktop\\apache-maven-3.9.6\\boot\\plexus-classworlds-2.7.0.jar -Dclassworlds.conf=C:\\Users\\Олегович\\Desktop\\apache-maven-3.9.6\\bin\\m2.conf -Dmaven.home=C:\\Users\\Олегович\\Desktop\\apache-maven-3.9.6 -Dlibrary.jansi.path=C:\\Users\\Олегович\\Desktop\\apache-maven-3.9.6\\lib\\jansi-native -Dmaven.multiModuleProjectDirectory=C:\\IdeaProjects\\hibernate-relations-hw org.codehaus.plexus.classworlds.launcher.Launcher clean package) succeeded; PID=11576
[2024/05/13 17:57:36.091, java.exe (PID: 28684, TID: 8572), Executor.cpp:563 (Executor2::execAndWait)]
	TRACE: Process with PID=11576 terminated. Exit code=1
[2024/05/13 17:58:01.064, java.exe (PID: 22372, TID: 9744), JavaEnvironment.cpp:502 (JavaEnvironment::detect)]
	TRACE: Entering JavaEnvironment::detect
[2024/05/13 17:58:01.074, java.exe (PID: 22372, TID: 9744), JavaEnvironment.cpp:519 (JavaEnvironment::detect)]
	TRACE: Installed Java detected: version=; arch=64; productCode={701CE19D-1741-5258-9CD3-D5DDD1A6DEDE}; type=1
[2024/05/13 17:58:01.074, java.exe (PID: 22372, TID: 9744), JavaEnvironment.cpp:135 (`anonymous-namespace'::detectHomeDir)]
	TRACE: Find home dir of {701CE19D-1741-5258-9CD3-D5DDD1A6DEDE} Java installation
[2024/05/13 17:58:01.074, java.exe (PID: 22372, TID: 9744), JavaEnvironment.cpp:302 (`anonymous-namespace'::detectFullVersion)]
	TRACE: Detect full version of {701CE19D-1741-5258-9CD3-D5DDD1A6DEDE} Java installation
[2024/05/13 17:58:01.074, java.exe (PID: 22372, TID: 9744), JavaEnvironment.cpp:213 (`anonymous-namespace'::detectFullVersionFromMsi)]
	TRACE: detectFullVersionFromMsi({701CE19D-1741-5258-9CD3-D5DDD1A6DEDE})
[2024/05/13 17:58:01.084, java.exe (PID: 22372, TID: 9744), JavaEnvironment.cpp:481 (`anonymous-namespace'::getInstalledJava)]
	TRACE: InstalledJava(11.0.20+9|11.0.20+9|JDK|64bit|C:\Program Files\Java\jdk-11|{701CE19D-1741-5258-9CD3-D5DDD1A6DEDE}|-10|)
[2024/05/13 17:58:01.084, java.exe (PID: 22372, TID: 9744), JavaEnvironment.cpp:0 (JavaEnvironment::detect)]
	TRACE: Exiting JavaEnvironment::detect (entered at JavaEnvironment.cpp:502)
[2024/05/13 17:58:01.094, java.exe (PID: 22372, TID: 9744), Executor.cpp:602 (Executor2::startProcess)]
	TRACE: CreateProcess(C:\Program Files\Java\jdk-11\bin\java.exe, "C:\\Program Files\\Java\\jdk-11\\bin\\java.exe" -classpath C:\\Users\\Олегович\\Desktop\\apache-maven-3.9.6\\boot\\plexus-classworlds-2.7.0.jar -Dclassworlds.conf=C:\\Users\\Олегович\\Desktop\\apache-maven-3.9.6\\bin\\m2.conf -Dmaven.home=C:\\Users\\Олегович\\Desktop\\apache-maven-3.9.6 -Dlibrary.jansi.path=C:\\Users\\Олегович\\Desktop\\apache-maven-3.9.6\\lib\\jansi-native -Dmaven.multiModuleProjectDirectory=C:\\IdeaProjects\\hibernate-relations-hw org.codehaus.plexus.classworlds.launcher.Launcher clean package -e) succeeded; PID=7976
[2024/05/13 17:58:03.932, java.exe (PID: 22372, TID: 9744), Executor.cpp:563 (Executor2::execAndWait)]
	TRACE: Process with PID=7976 terminated. Exit code=1
[2024/05/13 17:58:49.299, java.exe (PID: 16152, TID: 20752), JavaEnvironment.cpp:502 (JavaEnvironment::detect)]
	TRACE: Entering JavaEnvironment::detect
[2024/05/13 17:58:49.309, java.exe (PID: 16152, TID: 20752), JavaEnvironment.cpp:519 (JavaEnvironment::detect)]
	TRACE: Installed Java detected: version=; arch=64; productCode={701CE19D-1741-5258-9CD3-D5DDD1A6DEDE}; type=1
[2024/05/13 17:58:49.309, java.exe (PID: 16152, TID: 20752), JavaEnvironment.cpp:135 (`anonymous-namespace'::detectHomeDir)]
	TRACE: Find home dir of {701CE19D-1741-5258-9CD3-D5DDD1A6DEDE} Java installation
[2024/05/13 17:58:49.309, java.exe (PID: 16152, TID: 20752), JavaEnvironment.cpp:302 (`anonymous-namespace'::detectFullVersion)]
	TRACE: Detect full version of {701CE19D-1741-5258-9CD3-D5DDD1A6DEDE} Java installation
[2024/05/13 17:58:49.309, java.exe (PID: 16152, TID: 20752), JavaEnvironment.cpp:213 (`anonymous-namespace'::detectFullVersionFromMsi)]
	TRACE: detectFullVersionFromMsi({701CE19D-1741-5258-9CD3-D5DDD1A6DEDE})
[2024/05/13 17:58:49.319, java.exe (PID: 16152, TID: 20752), JavaEnvironment.cpp:481 (`anonymous-namespace'::getInstalledJava)]
	TRACE: InstalledJava(11.0.20+9|11.0.20+9|JDK|64bit|C:\Program Files\Java\jdk-11|{701CE19D-1741-5258-9CD3-D5DDD1A6DEDE}|-10|)
[2024/05/13 17:58:49.319, java.exe (PID: 16152, TID: 20752), JavaEnvironment.cpp:0 (JavaEnvironment::detect)]
	TRACE: Exiting JavaEnvironment::detect (entered at JavaEnvironment.cpp:502)
[2024/05/13 17:58:49.329, java.exe (PID: 16152, TID: 20752), Executor.cpp:602 (Executor2::startProcess)]
	TRACE: CreateProcess(C:\Program Files\Java\jdk-11\bin\java.exe, "C:\\Program Files\\Java\\jdk-11\\bin\\java.exe" -classpath C:\\Users\\Олегович\\Desktop\\apache-maven-3.9.6\\boot\\plexus-classworlds-2.7.0.jar -Dclassworlds.conf=C:\\Users\\Олегович\\Desktop\\apache-maven-3.9.6\\bin\\m2.conf -Dmaven.home=C:\\Users\\Олегович\\Desktop\\apache-maven-3.9.6 -Dlibrary.jansi.path=C:\\Users\\Олегович\\Desktop\\apache-maven-3.9.6\\lib\\jansi-native -Dmaven.multiModuleProjectDirectory=C:\\IdeaProjects\\hibernate-relations-hw org.codehaus.plexus.classworlds.launcher.Launcher clean package -x) succeeded; PID=14036
[2024/05/13 17:58:49.579, java.exe (PID: 16152, TID: 20752), Executor.cpp:563 (Executor2::execAndWait)]
	TRACE: Process with PID=14036 terminated. Exit code=1
[2024/05/13 17:59:18.934, java.exe (PID: 29516, TID: 14856), JavaEnvironment.cpp:502 (JavaEnvironment::detect)]
	TRACE: Entering JavaEnvironment::detect
[2024/05/13 17:59:18.944, java.exe (PID: 29516, TID: 14856), JavaEnvironment.cpp:519 (JavaEnvironment::detect)]
	TRACE: Installed Java detected: version=; arch=64; productCode={701CE19D-1741-5258-9CD3-D5DDD1A6DEDE}; type=1
[2024/05/13 17:59:18.944, java.exe (PID: 29516, TID: 14856), JavaEnvironment.cpp:135 (`anonymous-namespace'::detectHomeDir)]
	TRACE: Find home dir of {701CE19D-1741-5258-9CD3-D5DDD1A6DEDE} Java installation
[2024/05/13 17:59:18.944, java.exe (PID: 29516, TID: 14856), JavaEnvironment.cpp:302 (`anonymous-namespace'::detectFullVersion)]
	TRACE: Detect full version of {701CE19D-1741-5258-9CD3-D5DDD1A6DEDE} Java installation
[2024/05/13 17:59:18.944, java.exe (PID: 29516, TID: 14856), JavaEnvironment.cpp:213 (`anonymous-namespace'::detectFullVersionFromMsi)]
	TRACE: detectFullVersionFromMsi({701CE19D-1741-5258-9CD3-D5DDD1A6DEDE})
[2024/05/13 17:59:18.954, java.exe (PID: 29516, TID: 14856), JavaEnvironment.cpp:481 (`anonymous-namespace'::getInstalledJava)]
	TRACE: InstalledJava(11.0.20+9|11.0.20+9|JDK|64bit|C:\Program Files\Java\jdk-11|{701CE19D-1741-5258-9CD3-D5DDD1A6DEDE}|-10|)
[2024/05/13 17:59:18.954, java.exe (PID: 29516, TID: 14856), JavaEnvironment.cpp:0 (JavaEnvironment::detect)]
	TRACE: Exiting JavaEnvironment::detect (entered at JavaEnvironment.cpp:502)
[2024/05/13 17:59:18.964, java.exe (PID: 29516, TID: 14856), Executor.cpp:602 (Executor2::startProcess)]
	TRACE: CreateProcess(C:\Program Files\Java\jdk-11\bin\java.exe, "C:\\Program Files\\Java\\jdk-11\\bin\\java.exe" -classpath C:\\Users\\Олегович\\Desktop\\apache-maven-3.9.6\\boot\\plexus-classworlds-2.7.0.jar -Dclassworlds.conf=C:\\Users\\Олегович\\Desktop\\apache-maven-3.9.6\\bin\\m2.conf -Dmaven.home=C:\\Users\\Олегович\\Desktop\\apache-maven-3.9.6 -Dlibrary.jansi.path=C:\\Users\\Олегович\\Desktop\\apache-maven-3.9.6\\lib\\jansi-native -Dmaven.multiModuleProjectDirectory=C:\\IdeaProjects\\hibernate-relations-hw org.codehaus.plexus.classworlds.launcher.Launcher -x) succeeded; PID=15652
[2024/05/13 17:59:19.212, java.exe (PID: 29516, TID: 14856), Executor.cpp:563 (Executor2::execAndWait)]
	TRACE: Process with PID=15652 terminated. Exit code=1
[2024/05/13 17:59:54.105, java.exe (PID: 1948, TID: 21368), JavaEnvironment.cpp:502 (JavaEnvironment::detect)]
	TRACE: Entering JavaEnvironment::detect
[2024/05/13 17:59:54.115, java.exe (PID: 1948, TID: 21368), JavaEnvironment.cpp:519 (JavaEnvironment::detect)]
	TRACE: Installed Java detected: version=; arch=64; productCode={701CE19D-1741-5258-9CD3-D5DDD1A6DEDE}; type=1
[2024/05/13 17:59:54.115, java.exe (PID: 1948, TID: 21368), JavaEnvironment.cpp:135 (`anonymous-namespace'::detectHomeDir)]
	TRACE: Find home dir of {701CE19D-1741-5258-9CD3-D5DDD1A6DEDE} Java installation
[2024/05/13 17:59:54.115, java.exe (PID: 1948, TID: 21368), JavaEnvironment.cpp:302 (`anonymous-namespace'::detectFullVersion)]
	TRACE: Detect full version of {701CE19D-1741-5258-9CD3-D5DDD1A6DEDE} Java installation
[2024/05/13 17:59:54.115, java.exe (PID: 1948, TID: 21368), JavaEnvironment.cpp:213 (`anonymous-namespace'::detectFullVersionFromMsi)]
	TRACE: detectFullVersionFromMsi({701CE19D-1741-5258-9CD3-D5DDD1A6DEDE})
[2024/05/13 17:59:54.115, java.exe (PID: 1948, TID: 21368), JavaEnvironment.cpp:481 (`anonymous-namespace'::getInstalledJava)]
	TRACE: InstalledJava(11.0.20+9|11.0.20+9|JDK|64bit|C:\Program Files\Java\jdk-11|{701CE19D-1741-5258-9CD3-D5DDD1A6DEDE}|-10|)
[2024/05/13 17:59:54.125, java.exe (PID: 1948, TID: 21368), JavaEnvironment.cpp:0 (JavaEnvironment::detect)]
	TRACE: Exiting JavaEnvironment::detect (entered at JavaEnvironment.cpp:502)
[2024/05/13 17:59:54.125, java.exe (PID: 1948, TID: 21368), Executor.cpp:602 (Executor2::startProcess)]
	TRACE: CreateProcess(C:\Program Files\Java\jdk-11\bin\java.exe, "C:\\Program Files\\Java\\jdk-11\\bin\\java.exe" -classpath C:\\Users\\Олегович\\Desktop\\apache-maven-3.9.6\\boot\\plexus-classworlds-2.7.0.jar -Dclassworlds.conf=C:\\Users\\Олегович\\Desktop\\apache-maven-3.9.6\\bin\\m2.conf -Dmaven.home=C:\\Users\\Олегович\\Desktop\\apache-maven-3.9.6 -Dlibrary.jansi.path=C:\\Users\\Олегович\\Desktop\\apache-maven-3.9.6\\lib\\jansi-native -Dmaven.multiModuleProjectDirectory=C:\\IdeaProjects\\hibernate-relations-hw org.codehaus.plexus.classworlds.launcher.Launcher clean package --debug) succeeded; PID=11096
[2024/05/13 17:59:57.156, java.exe (PID: 1948, TID: 21368), Executor.cpp:563 (Executor2::execAndWait)]
	TRACE: Process with PID=11096 terminated. Exit code=1
